INFO:__main__:Loading reference data from /projects/noso3320/work/gfn1_optim/results/curves/h2_ccsd_data.csv
INFO:__main__:Training points: 80, Testing points: 20
INFO:__main__:Starting Bayesian optimization with 20 iterations
INFO:__main__:Testing base configuration with default parameters...
INFO:__main__:Base H element parameters:
INFO:__main__:  element.H.shells: ['1s', '2s']
INFO:__main__:  element.H.levels: [-10.923452, -2.171902]
INFO:__main__:  element.H.slater: [1.20794, 1.993207]
INFO:__main__:  element.H.ngauss: [4, 3]
INFO:__main__:  element.H.refocc: [1.0, 0.0]
INFO:__main__:  element.H.shpoly: [0.0, 0.0]
INFO:__main__:  element.H.kcn: [0.065540712, 0.013031412]
INFO:__main__:  element.H.gam: 0.470099
INFO:__main__:  element.H.lgam: [1.0, 1.0]
INFO:__main__:  element.H.gam3: 0.0
INFO:__main__:  element.H.zeff: 1.116244
INFO:__main__:  element.H.arep: 2.2097
INFO:__main__:  element.H.xbond: 0.0
INFO:__main__:  element.H.en: 2.2
INFO:__main__:  element.H.dkernel: 0.0
INFO:__main__:  element.H.qkernel: 0.0
INFO:__main__:  element.H.mprad: 0.0
INFO:__main__:  element.H.mpvcn: 0.0
INFO:__main__:Setting parameters:
INFO:__main__:  hamiltonian.xtb.kpol: 2.85
INFO:__main__:  hamiltonian.xtb.enscale: -0.007
INFO:__main__:  hamiltonian.xtb.shell.ss: 1.85
INFO:__main__:  hamiltonian.xtb.shell.pp: 2.25
INFO:__main__:  hamiltonian.xtb.shell.sp: 2.08
INFO:__main__:  hamiltonian.xtb.kpair.H-H: 0.96
INFO:__main__:  element.H.levels[0]: -10.92
INFO:__main__:  element.H.levels[1]: -2.17
INFO:__main__:  element.H.slater[0]: 1.21
INFO:__main__:  element.H.slater[1]: 1.99
INFO:__main__:  element.H.kcn[0]: 0.0655
INFO:__main__:  element.H.kcn[1]: 0.013
INFO:__main__:  element.H.gam: 0.47
INFO:__main__:  element.H.zeff: 1.12
INFO:__main__:  element.H.arep: 2.21
INFO:__main__:  element.H.en: 2.2
INFO:__main__:Final H element parameters:
INFO:__main__:  element.H.shells: ['1s', '2s']
INFO:__main__:  element.H.levels: [-10.92, -2.17]
INFO:__main__:  element.H.slater: [1.21, 1.99]
INFO:__main__:  element.H.ngauss: [4, 3]
INFO:__main__:  element.H.refocc: [1.0, 0.0]
INFO:__main__:  element.H.shpoly: [0.0, 0.0]
INFO:__main__:  element.H.kcn: [0.0655, 0.013]
INFO:__main__:  element.H.gam: 0.47
INFO:__main__:  element.H.lgam: [1.0, 1.0]
INFO:__main__:  element.H.gam3: 0.0
INFO:__main__:  element.H.zeff: 1.12
INFO:__main__:  element.H.arep: 2.21
INFO:__main__:  element.H.xbond: 0.0
INFO:__main__:  element.H.en: 2.2
INFO:__main__:  element.H.dkernel: 0.0
INFO:__main__:  element.H.qkernel: 0.0
INFO:__main__:  element.H.mprad: 0.0
INFO:__main__:  element.H.mpvcn: 0.0
INFO:__main__:Created parameter file: /scratch/alpine/noso3320/.tmp/tmp6n086ztk.toml
INFO:__main__:Debug: Saved parameter file copy to /tmp/debug_params_0.toml
INFO:__main__:Successful evaluation: RMSE = 0.342585
INFO:__main__:Default parameters test: fitness = 0.3425851712432287
INFO:__main__:Phase 1: Exploring with 5 initial points
INFO:__main__:Base H element parameters:
INFO:__main__:  element.H.shells: ['1s', '2s']
INFO:__main__:  element.H.levels: [-10.92, -2.17]
INFO:__main__:  element.H.slater: [1.21, 1.99]
INFO:__main__:  element.H.ngauss: [4, 3]
INFO:__main__:  element.H.refocc: [1.0, 0.0]
INFO:__main__:  element.H.shpoly: [0.0, 0.0]
INFO:__main__:  element.H.kcn: [0.0655, 0.013]
INFO:__main__:  element.H.gam: 0.47
INFO:__main__:  element.H.lgam: [1.0, 1.0]
INFO:__main__:  element.H.gam3: 0.0
INFO:__main__:  element.H.zeff: 1.12
INFO:__main__:  element.H.arep: 2.21
INFO:__main__:  element.H.xbond: 0.0
INFO:__main__:  element.H.en: 2.2
INFO:__main__:  element.H.dkernel: 0.0
INFO:__main__:  element.H.qkernel: 0.0
INFO:__main__:  element.H.mprad: 0.0
INFO:__main__:  element.H.mpvcn: 0.0
INFO:__main__:Setting parameters:
INFO:__main__:  hamiltonian.xtb.kpol: 3.580835161155229
INFO:__main__:  hamiltonian.xtb.enscale: 0.01648897248198358
INFO:__main__:  hamiltonian.xtb.shell.ss: 2.256560832035447
INFO:__main__:  hamiltonian.xtb.shell.pp: 3.2210527883762543
INFO:__main__:  hamiltonian.xtb.shell.sp: 2.0717467956337052
INFO:__main__:  hamiltonian.xtb.kpair.H-H: 0.5048755296726488
INFO:__main__:  element.H.levels[0]: -12.008911761592282
INFO:__main__:  element.H.levels[1]: -1.735819291583086
INFO:__main__:  element.H.slater[0]: 1.5846263640789346
INFO:__main__:  element.H.slater[1]: 2.2099228124208867
INFO:__main__:  element.H.kcn[0]: 0.052808827660743865
INFO:__main__:  element.H.kcn[1]: 0.015366175055756992
INFO:__main__:  element.H.gam: 0.5613680927951601
INFO:__main__:  element.H.zeff: 1.2341790709383336
INFO:__main__:  element.H.arep: 1.8890537281876272
INFO:__main__:  element.H.en: 2.563641804514436
INFO:__main__:Final H element parameters:
INFO:__main__:  element.H.shells: ['1s', '2s']
INFO:__main__:  element.H.levels: [np.float64(-12.008911761592282), np.float64(-1.735819291583086)]
INFO:__main__:  element.H.slater: [np.float64(1.5846263640789346), np.float64(2.2099228124208867)]
INFO:__main__:  element.H.ngauss: [4, 3]
INFO:__main__:  element.H.refocc: [1.0, 0.0]
INFO:__main__:  element.H.shpoly: [0.0, 0.0]
INFO:__main__:  element.H.kcn: [np.float64(0.052808827660743865), np.float64(0.015366175055756992)]
INFO:__main__:  element.H.gam: 0.5613680927951601
INFO:__main__:  element.H.lgam: [1.0, 1.0]
INFO:__main__:  element.H.gam3: 0.0
INFO:__main__:  element.H.zeff: 1.2341790709383336
INFO:__main__:  element.H.arep: 1.8890537281876272
INFO:__main__:  element.H.xbond: 0.0
INFO:__main__:  element.H.en: 2.563641804514436
INFO:__main__:  element.H.dkernel: 0.0
INFO:__main__:  element.H.qkernel: 0.0
INFO:__main__:  element.H.mprad: 0.0
INFO:__main__:  element.H.mpvcn: 0.0
INFO:__main__:Created parameter file: /scratch/alpine/noso3320/.tmp/tmpbmvz7dej.toml
INFO:__main__:Debug: Saved parameter file copy to /tmp/debug_params_0.toml
ERROR:__main__:Failed to evaluate fitness: TBLite command failed with exit code 1
Command: tblite run --method gfn1 --param /gpfs/alpine1/scratch/noso3320/.tmp/tmpbmvz7dej.toml /scratch/alpine/noso3320/.tmp/tmpl8ttwhlw/coord
Working directory: /scratch/alpine/noso3320/.tmp/tmpl8ttwhlw
STDOUT:

STDERR:
Invalid slater exponents for H
Note: The following floating-point exceptions are signalling: IEEE_UNDERFLOW_FLAG IEEE_DENORMAL
ERROR STOP 

Error termination. Backtrace:
#0  0x56317309afe3 in ???
#1  0x563173081070 in ???
#2  0x1506e8137cf2 in ???
#3  0x5631730810a0 in ???
#4  0xffffffffffffffff in ???

ERROR:__main__:Parameter values that failed:
ERROR:__main__:  hamiltonian.xtb.kpol: 3.580835161155229
ERROR:__main__:  hamiltonian.xtb.enscale: 0.01648897248198358
ERROR:__main__:  hamiltonian.xtb.shell.ss: 2.256560832035447
ERROR:__main__:  hamiltonian.xtb.shell.pp: 3.2210527883762543
ERROR:__main__:  hamiltonian.xtb.shell.sp: 2.0717467956337052
ERROR:__main__:  hamiltonian.xtb.kpair.H-H: 0.5048755296726488
ERROR:__main__:  element.H.levels[0]: -12.008911761592282
ERROR:__main__:  element.H.levels[1]: -1.735819291583086
ERROR:__main__:  element.H.slater[0]: 1.5846263640789346
ERROR:__main__:  element.H.slater[1]: 2.2099228124208867
ERROR:__main__:  element.H.kcn[0]: 0.052808827660743865
ERROR:__main__:  element.H.kcn[1]: 0.015366175055756992
ERROR:__main__:  element.H.gam: 0.5613680927951601
ERROR:__main__:  element.H.zeff: 1.2341790709383336
ERROR:__main__:  element.H.arep: 1.8890537281876272
ERROR:__main__:  element.H.en: 2.563641804514436
INFO:__main__:Initial point 1: fitness = 1000.000000
INFO:__main__:Base H element parameters:
INFO:__main__:  element.H.shells: ['1s', '2s']
INFO:__main__:  element.H.levels: [np.float64(-12.008911761592282), np.float64(-1.735819291583086)]
INFO:__main__:  element.H.slater: [np.float64(1.5846263640789346), np.float64(2.2099228124208867)]
INFO:__main__:  element.H.ngauss: [4, 3]
INFO:__main__:  element.H.refocc: [1.0, 0.0]
INFO:__main__:  element.H.shpoly: [0.0, 0.0]
INFO:__main__:  element.H.kcn: [np.float64(0.052808827660743865), np.float64(0.015366175055756992)]
INFO:__main__:  element.H.gam: 0.5613680927951601
INFO:__main__:  element.H.lgam: [1.0, 1.0]
INFO:__main__:  element.H.gam3: 0.0
INFO:__main__:  element.H.zeff: 1.2341790709383336
INFO:__main__:  element.H.arep: 1.8890537281876272
INFO:__main__:  element.H.xbond: 0.0
INFO:__main__:  element.H.en: 2.563641804514436
INFO:__main__:  element.H.dkernel: 0.0
INFO:__main__:  element.H.qkernel: 0.0
INFO:__main__:  element.H.mprad: 0.0
INFO:__main__:  element.H.mpvcn: 0.0
INFO:__main__:Setting parameters:
INFO:__main__:  hamiltonian.xtb.kpol: 1.3563321703873321
INFO:__main__:  hamiltonian.xtb.enscale: -0.012510538048833404
INFO:__main__:  hamiltonian.xtb.shell.ss: 1.0689475312029673
INFO:__main__:  hamiltonian.xtb.shell.pp: 2.047334240351174
INFO:__main__:  hamiltonian.xtb.shell.sp: 2.7725736779743877
INFO:__main__:  hamiltonian.xtb.kpair.H-H: 1.2290948063740263
INFO:__main__:  element.H.levels[0]: -9.776558419515922
INFO:__main__:  element.H.levels[1]: -2.3679363363966592
INFO:__main__:  element.H.slater[0]: 1.0265939803511486
INFO:__main__:  element.H.slater[1]: 2.0610722584296064
INFO:__main__:  element.H.kcn[0]: 0.07946590594782152
INFO:__main__:  element.H.kcn[1]: 0.014780981171063856
INFO:__main__:  element.H.gam: 0.530742630475947
INFO:__main__:  element.H.zeff: 1.0853560837406038
INFO:__main__:  element.H.arep: 2.1608380550547492
INFO:__main__:  element.H.en: 1.8051984428105265
INFO:__main__:Final H element parameters:
INFO:__main__:  element.H.shells: ['1s', '2s']
INFO:__main__:  element.H.levels: [np.float64(-9.776558419515922), np.float64(-2.3679363363966592)]
INFO:__main__:  element.H.slater: [np.float64(1.0265939803511486), np.float64(2.0610722584296064)]
INFO:__main__:  element.H.ngauss: [4, 3]
INFO:__main__:  element.H.refocc: [1.0, 0.0]
INFO:__main__:  element.H.shpoly: [0.0, 0.0]
INFO:__main__:  element.H.kcn: [np.float64(0.07946590594782152), np.float64(0.014780981171063856)]
INFO:__main__:  element.H.gam: 0.530742630475947
INFO:__main__:  element.H.lgam: [1.0, 1.0]
INFO:__main__:  element.H.gam3: 0.0
INFO:__main__:  element.H.zeff: 1.0853560837406038
INFO:__main__:  element.H.arep: 2.1608380550547492
INFO:__main__:  element.H.xbond: 0.0
INFO:__main__:  element.H.en: 1.8051984428105265
INFO:__main__:  element.H.dkernel: 0.0
INFO:__main__:  element.H.qkernel: 0.0
INFO:__main__:  element.H.mprad: 0.0
INFO:__main__:  element.H.mpvcn: 0.0
INFO:__main__:Created parameter file: /scratch/alpine/noso3320/.tmp/tmp6c2l_wu0.toml
INFO:__main__:Debug: Saved parameter file copy to /tmp/debug_params_1.toml
ERROR:__main__:Failed to evaluate fitness: TBLite command failed with exit code 1
Command: tblite run --method gfn1 --param /gpfs/alpine1/scratch/noso3320/.tmp/tmp6c2l_wu0.toml /scratch/alpine/noso3320/.tmp/tmp_1yjw_bt/coord
Working directory: /scratch/alpine/noso3320/.tmp/tmp_1yjw_bt
STDOUT:

STDERR:
Invalid slater exponents for H
Note: The following floating-point exceptions are signalling: IEEE_UNDERFLOW_FLAG IEEE_DENORMAL
ERROR STOP 

Error termination. Backtrace:
#0  0x55fa54912fe3 in ???
#1  0x55fa548f9070 in ???
#2  0x154b69c8fcf2 in ???
#3  0x55fa548f90a0 in ???
#4  0xffffffffffffffff in ???

ERROR:__main__:Parameter values that failed:
ERROR:__main__:  hamiltonian.xtb.kpol: 1.3563321703873321
ERROR:__main__:  hamiltonian.xtb.enscale: -0.012510538048833404
ERROR:__main__:  hamiltonian.xtb.shell.ss: 1.0689475312029673
ERROR:__main__:  hamiltonian.xtb.shell.pp: 2.047334240351174
ERROR:__main__:  hamiltonian.xtb.shell.sp: 2.7725736779743877
ERROR:__main__:  hamiltonian.xtb.kpair.H-H: 1.2290948063740263
ERROR:__main__:  element.H.levels[0]: -9.776558419515922
ERROR:__main__:  element.H.levels[1]: -2.3679363363966592
ERROR:__main__:  element.H.slater[0]: 1.0265939803511486
ERROR:__main__:  element.H.slater[1]: 2.0610722584296064
ERROR:__main__:  element.H.kcn[0]: 0.07946590594782152
ERROR:__main__:  element.H.kcn[1]: 0.014780981171063856
ERROR:__main__:  element.H.gam: 0.530742630475947
ERROR:__main__:  element.H.zeff: 1.0853560837406038
ERROR:__main__:  element.H.arep: 2.1608380550547492
ERROR:__main__:  element.H.en: 1.8051984428105265
INFO:__main__:Initial point 2: fitness = 1000.000000
INFO:__main__:Base H element parameters:
INFO:__main__:  element.H.shells: ['1s', '2s']
INFO:__main__:  element.H.levels: [np.float64(-9.776558419515922), np.float64(-2.3679363363966592)]
INFO:__main__:  element.H.slater: [np.float64(1.0265939803511486), np.float64(2.0610722584296064)]
INFO:__main__:  element.H.ngauss: [4, 3]
INFO:__main__:  element.H.refocc: [1.0, 0.0]
INFO:__main__:  element.H.shpoly: [0.0, 0.0]
INFO:__main__:  element.H.kcn: [np.float64(0.07946590594782152), np.float64(0.014780981171063856)]
INFO:__main__:  element.H.gam: 0.530742630475947
INFO:__main__:  element.H.lgam: [1.0, 1.0]
INFO:__main__:  element.H.gam3: 0.0
INFO:__main__:  element.H.zeff: 1.0853560837406038
INFO:__main__:  element.H.arep: 2.1608380550547492
INFO:__main__:  element.H.xbond: 0.0
INFO:__main__:  element.H.en: 1.8051984428105265
INFO:__main__:  element.H.dkernel: 0.0
INFO:__main__:  element.H.qkernel: 0.0
INFO:__main__:  element.H.mprad: 0.0
INFO:__main__:  element.H.mpvcn: 0.0
INFO:__main__:Setting parameters:
INFO:__main__:  hamiltonian.xtb.kpol: 3.1393397134894783
INFO:__main__:  hamiltonian.xtb.enscale: -0.006963677648278953
INFO:__main__:  hamiltonian.xtb.shell.ss: 2.812177675489677
INFO:__main__:  hamiltonian.xtb.shell.pp: 3.024211456366286
INFO:__main__:  hamiltonian.xtb.shell.sp: 2.3610235483993587
INFO:__main__:  hamiltonian.xtb.kpair.H-H: 0.8048590147548133
INFO:__main__:  element.H.levels[0]: -9.981527479240707
INFO:__main__:  element.H.levels[1]: -2.000944198404753
INFO:__main__:  element.H.slater[0]: 1.4275417697353203
INFO:__main__:  element.H.slater[1]: 1.7334643607884326
INFO:__main__:  element.H.kcn[0]: 0.03419628857196851
INFO:__main__:  element.H.kcn[1]: 0.028438166793089796
INFO:__main__:  element.H.gam: 0.3700644119162879
INFO:__main__:  element.H.zeff: 0.9156188514002559
INFO:__main__:  element.H.arep: 2.378003459355172
INFO:__main__:  element.H.en: 2.073867503371161
INFO:__main__:Final H element parameters:
INFO:__main__:  element.H.shells: ['1s', '2s']
INFO:__main__:  element.H.levels: [np.float64(-9.981527479240707), np.float64(-2.000944198404753)]
INFO:__main__:  element.H.slater: [np.float64(1.4275417697353203), np.float64(1.7334643607884326)]
INFO:__main__:  element.H.ngauss: [4, 3]
INFO:__main__:  element.H.refocc: [1.0, 0.0]
INFO:__main__:  element.H.shpoly: [0.0, 0.0]
INFO:__main__:  element.H.kcn: [np.float64(0.03419628857196851), np.float64(0.028438166793089796)]
INFO:__main__:  element.H.gam: 0.3700644119162879
INFO:__main__:  element.H.lgam: [1.0, 1.0]
INFO:__main__:  element.H.gam3: 0.0
INFO:__main__:  element.H.zeff: 0.9156188514002559
INFO:__main__:  element.H.arep: 2.378003459355172
INFO:__main__:  element.H.xbond: 0.0
INFO:__main__:  element.H.en: 2.073867503371161
INFO:__main__:  element.H.dkernel: 0.0
INFO:__main__:  element.H.qkernel: 0.0
INFO:__main__:  element.H.mprad: 0.0
INFO:__main__:  element.H.mpvcn: 0.0
INFO:__main__:Created parameter file: /scratch/alpine/noso3320/.tmp/tmp7bt5hmli.toml
INFO:__main__:Debug: Saved parameter file copy to /tmp/debug_params_2.toml
ERROR:__main__:Failed to evaluate fitness: TBLite command failed with exit code 1
Command: tblite run --method gfn1 --param /gpfs/alpine1/scratch/noso3320/.tmp/tmp7bt5hmli.toml /scratch/alpine/noso3320/.tmp/tmpn5vevqu4/coord
Working directory: /scratch/alpine/noso3320/.tmp/tmpn5vevqu4
STDOUT:

STDERR:
Invalid slater exponents for H
Note: The following floating-point exceptions are signalling: IEEE_UNDERFLOW_FLAG IEEE_DENORMAL
ERROR STOP 

Error termination. Backtrace:
#0  0x56076c486fe3 in ???
#1  0x56076c46d070 in ???
#2  0x14eaf4b60cf2 in ???
#3  0x56076c46d0a0 in ???
#4  0xffffffffffffffff in ???

ERROR:__main__:Parameter values that failed:
ERROR:__main__:  hamiltonian.xtb.kpol: 3.1393397134894783
ERROR:__main__:  hamiltonian.xtb.enscale: -0.006963677648278953
ERROR:__main__:  hamiltonian.xtb.shell.ss: 2.812177675489677
ERROR:__main__:  hamiltonian.xtb.shell.pp: 3.024211456366286
ERROR:__main__:  hamiltonian.xtb.shell.sp: 2.3610235483993587
ERROR:__main__:  hamiltonian.xtb.kpair.H-H: 0.8048590147548133
ERROR:__main__:  element.H.levels[0]: -9.981527479240707
ERROR:__main__:  element.H.levels[1]: -2.000944198404753
ERROR:__main__:  element.H.slater[0]: 1.4275417697353203
ERROR:__main__:  element.H.slater[1]: 1.7334643607884326
ERROR:__main__:  element.H.kcn[0]: 0.03419628857196851
ERROR:__main__:  element.H.kcn[1]: 0.028438166793089796
ERROR:__main__:  element.H.gam: 0.3700644119162879
ERROR:__main__:  element.H.zeff: 0.9156188514002559
ERROR:__main__:  element.H.arep: 2.378003459355172
ERROR:__main__:  element.H.en: 2.073867503371161
INFO:__main__:Initial point 3: fitness = 1000.000000
INFO:__main__:Base H element parameters:
INFO:__main__:  element.H.shells: ['1s', '2s']
INFO:__main__:  element.H.levels: [np.float64(-9.981527479240707), np.float64(-2.000944198404753)]
INFO:__main__:  element.H.slater: [np.float64(1.4275417697353203), np.float64(1.7334643607884326)]
INFO:__main__:  element.H.ngauss: [4, 3]
INFO:__main__:  element.H.refocc: [1.0, 0.0]
INFO:__main__:  element.H.shpoly: [0.0, 0.0]
INFO:__main__:  element.H.kcn: [np.float64(0.03419628857196851), np.float64(0.028438166793089796)]
INFO:__main__:  element.H.gam: 0.3700644119162879
INFO:__main__:  element.H.lgam: [1.0, 1.0]
INFO:__main__:  element.H.gam3: 0.0
INFO:__main__:  element.H.zeff: 0.9156188514002559
INFO:__main__:  element.H.arep: 2.378003459355172
INFO:__main__:  element.H.xbond: 0.0
INFO:__main__:  element.H.en: 2.073867503371161
INFO:__main__:  element.H.dkernel: 0.0
INFO:__main__:  element.H.qkernel: 0.0
INFO:__main__:  element.H.mprad: 0.0
INFO:__main__:  element.H.mpvcn: 0.0
INFO:__main__:Setting parameters:
INFO:__main__:  hamiltonian.xtb.kpol: 2.05400359682002
INFO:__main__:  hamiltonian.xtb.enscale: 0.002881980131125523
INFO:__main__:  hamiltonian.xtb.shell.ss: 1.7200367190099566
INFO:__main__:  hamiltonian.xtb.shell.pp: 2.697055092099598
INFO:__main__:  hamiltonian.xtb.shell.sp: 1.5639226867493585
INFO:__main__:  hamiltonian.xtb.kpair.H-H: 0.9670298286815935
INFO:__main__:  element.H.levels[0]: -12.764132302901068
INFO:__main__:  element.H.levels[1]: -2.9342187093065903
INFO:__main__:  element.H.slater[0]: 1.1849301069353992
INFO:__main__:  element.H.slater[1]: 2.3862517608094214
INFO:__main__:  element.H.kcn[0]: 0.0700428420262128
INFO:__main__:  element.H.kcn[1]: 0.009427349632320132
INFO:__main__:  element.H.gam: 0.4398958222925717
INFO:__main__:  element.H.zeff: 1.0223123035085495
INFO:__main__:  element.H.arep: 2.0295622229630097
INFO:__main__:  element.H.en: 2.157600182813436
INFO:__main__:Final H element parameters:
INFO:__main__:  element.H.shells: ['1s', '2s']
INFO:__main__:  element.H.levels: [np.float64(-12.764132302901068), np.float64(-2.9342187093065903)]
INFO:__main__:  element.H.slater: [np.float64(1.1849301069353992), np.float64(2.3862517608094214)]
INFO:__main__:  element.H.ngauss: [4, 3]
INFO:__main__:  element.H.refocc: [1.0, 0.0]
INFO:__main__:  element.H.shpoly: [0.0, 0.0]
INFO:__main__:  element.H.kcn: [np.float64(0.0700428420262128), np.float64(0.009427349632320132)]
INFO:__main__:  element.H.gam: 0.4398958222925717
INFO:__main__:  element.H.lgam: [1.0, 1.0]
INFO:__main__:  element.H.gam3: 0.0
INFO:__main__:  element.H.zeff: 1.0223123035085495
INFO:__main__:  element.H.arep: 2.0295622229630097
INFO:__main__:  element.H.xbond: 0.0
INFO:__main__:  element.H.en: 2.157600182813436
INFO:__main__:  element.H.dkernel: 0.0
INFO:__main__:  element.H.qkernel: 0.0
INFO:__main__:  element.H.mprad: 0.0
INFO:__main__:  element.H.mpvcn: 0.0
INFO:__main__:Created parameter file: /scratch/alpine/noso3320/.tmp/tmpa4n2_iiv.toml
INFO:__main__:Debug: Saved parameter file copy to /tmp/debug_params_3.toml
ERROR:__main__:Failed to evaluate fitness: TBLite command failed with exit code 1
Command: tblite run --method gfn1 --param /gpfs/alpine1/scratch/noso3320/.tmp/tmpa4n2_iiv.toml /scratch/alpine/noso3320/.tmp/tmpe0_qf3fp/coord
Working directory: /scratch/alpine/noso3320/.tmp/tmpe0_qf3fp
STDOUT:

STDERR:
Invalid slater exponents for H
Note: The following floating-point exceptions are signalling: IEEE_UNDERFLOW_FLAG IEEE_DENORMAL
ERROR STOP 

Error termination. Backtrace:
#0  0x55adf4c69fe3 in ???
#1  0x55adf4c50070 in ???
#2  0x15276e0b2cf2 in ???
#3  0x55adf4c500a0 in ???
#4  0xffffffffffffffff in ???

ERROR:__main__:Parameter values that failed:
ERROR:__main__:  hamiltonian.xtb.kpol: 2.05400359682002
ERROR:__main__:  hamiltonian.xtb.enscale: 0.002881980131125523
ERROR:__main__:  hamiltonian.xtb.shell.ss: 1.7200367190099566
ERROR:__main__:  hamiltonian.xtb.shell.pp: 2.697055092099598
ERROR:__main__:  hamiltonian.xtb.shell.sp: 1.5639226867493585
ERROR:__main__:  hamiltonian.xtb.kpair.H-H: 0.9670298286815935
ERROR:__main__:  element.H.levels[0]: -12.764132302901068
ERROR:__main__:  element.H.levels[1]: -2.9342187093065903
ERROR:__main__:  element.H.slater[0]: 1.1849301069353992
ERROR:__main__:  element.H.slater[1]: 2.3862517608094214
ERROR:__main__:  element.H.kcn[0]: 0.0700428420262128
ERROR:__main__:  element.H.kcn[1]: 0.009427349632320132
ERROR:__main__:  element.H.gam: 0.4398958222925717
ERROR:__main__:  element.H.zeff: 1.0223123035085495
ERROR:__main__:  element.H.arep: 2.0295622229630097
ERROR:__main__:  element.H.en: 2.157600182813436
INFO:__main__:Initial point 4: fitness = 1000.000000
INFO:__main__:Base H element parameters:
INFO:__main__:  element.H.shells: ['1s', '2s']
INFO:__main__:  element.H.levels: [np.float64(-12.764132302901068), np.float64(-2.9342187093065903)]
INFO:__main__:  element.H.slater: [np.float64(1.1849301069353992), np.float64(2.3862517608094214)]
INFO:__main__:  element.H.ngauss: [4, 3]
INFO:__main__:  element.H.refocc: [1.0, 0.0]
INFO:__main__:  element.H.shpoly: [0.0, 0.0]
INFO:__main__:  element.H.kcn: [np.float64(0.0700428420262128), np.float64(0.009427349632320132)]
INFO:__main__:  element.H.gam: 0.4398958222925717
INFO:__main__:  element.H.lgam: [1.0, 1.0]
INFO:__main__:  element.H.gam3: 0.0
INFO:__main__:  element.H.zeff: 1.0223123035085495
INFO:__main__:  element.H.arep: 2.0295622229630097
INFO:__main__:  element.H.xbond: 0.0
INFO:__main__:  element.H.en: 2.157600182813436
INFO:__main__:  element.H.dkernel: 0.0
INFO:__main__:  element.H.qkernel: 0.0
INFO:__main__:  element.H.mprad: 0.0
INFO:__main__:  element.H.mpvcn: 0.0
INFO:__main__:Setting parameters:
INFO:__main__:  hamiltonian.xtb.kpol: 4.492225343999527
INFO:__main__:  hamiltonian.xtb.enscale: 0.0075713647947360345
INFO:__main__:  hamiltonian.xtb.shell.ss: 1.9763171357018345
INFO:__main__:  hamiltonian.xtb.shell.pp: 1.7784199607749551
INFO:__main__:  hamiltonian.xtb.shell.sp: 2.690754649629618
INFO:__main__:  hamiltonian.xtb.kpair.H-H: 1.4126565221535274
INFO:__main__:  element.H.levels[0]: -10.771667738255623
INFO:__main__:  element.H.levels[1]: -2.522558593117391
INFO:__main__:  element.H.slater[0]: 1.2575916312078201
INFO:__main__:  element.H.slater[1]: 1.6532121028269318
INFO:__main__:  element.H.kcn[0]: 0.09918376161635309
INFO:__main__:  element.H.kcn[1]: 0.023593080539890017
INFO:__main__:  element.H.gam: 0.34238437453399895
INFO:__main__:  element.H.zeff: 1.1670466788218485
INFO:__main__:  element.H.arep: 2.5108748556253957
INFO:__main__:  element.H.en: 2.314576286542974
INFO:__main__:Final H element parameters:
INFO:__main__:  element.H.shells: ['1s', '2s']
INFO:__main__:  element.H.levels: [np.float64(-10.771667738255623), np.float64(-2.522558593117391)]
INFO:__main__:  element.H.slater: [np.float64(1.2575916312078201), np.float64(1.6532121028269318)]
INFO:__main__:  element.H.ngauss: [4, 3]
INFO:__main__:  element.H.refocc: [1.0, 0.0]
INFO:__main__:  element.H.shpoly: [0.0, 0.0]
INFO:__main__:  element.H.kcn: [np.float64(0.09918376161635309), np.float64(0.023593080539890017)]
INFO:__main__:  element.H.gam: 0.34238437453399895
INFO:__main__:  element.H.lgam: [1.0, 1.0]
INFO:__main__:  element.H.gam3: 0.0
INFO:__main__:  element.H.zeff: 1.1670466788218485
INFO:__main__:  element.H.arep: 2.5108748556253957
INFO:__main__:  element.H.xbond: 0.0
INFO:__main__:  element.H.en: 2.314576286542974
INFO:__main__:  element.H.dkernel: 0.0
INFO:__main__:  element.H.qkernel: 0.0
INFO:__main__:  element.H.mprad: 0.0
INFO:__main__:  element.H.mpvcn: 0.0
INFO:__main__:Created parameter file: /scratch/alpine/noso3320/.tmp/tmp74_3xfe8.toml
INFO:__main__:Debug: Saved parameter file copy to /tmp/debug_params_4.toml
ERROR:__main__:Failed to evaluate fitness: TBLite command failed with exit code 1
Command: tblite run --method gfn1 --param /gpfs/alpine1/scratch/noso3320/.tmp/tmp74_3xfe8.toml /scratch/alpine/noso3320/.tmp/tmpmj2vr_t5/coord
Working directory: /scratch/alpine/noso3320/.tmp/tmpmj2vr_t5
STDOUT:

STDERR:
Invalid slater exponents for H
Note: The following floating-point exceptions are signalling: IEEE_UNDERFLOW_FLAG IEEE_DENORMAL
ERROR STOP 

Error termination. Backtrace:
#0  0x558cba531fe3 in ???
#1  0x558cba518070 in ???
#2  0x1542a6152cf2 in ???
#3  0x558cba5180a0 in ???
#4  0xffffffffffffffff in ???

ERROR:__main__:Parameter values that failed:
ERROR:__main__:  hamiltonian.xtb.kpol: 4.492225343999527
ERROR:__main__:  hamiltonian.xtb.enscale: 0.0075713647947360345
ERROR:__main__:  hamiltonian.xtb.shell.ss: 1.9763171357018345
ERROR:__main__:  hamiltonian.xtb.shell.pp: 1.7784199607749551
ERROR:__main__:  hamiltonian.xtb.shell.sp: 2.690754649629618
ERROR:__main__:  hamiltonian.xtb.kpair.H-H: 1.4126565221535274
ERROR:__main__:  element.H.levels[0]: -10.771667738255623
ERROR:__main__:  element.H.levels[1]: -2.522558593117391
ERROR:__main__:  element.H.slater[0]: 1.2575916312078201
ERROR:__main__:  element.H.slater[1]: 1.6532121028269318
ERROR:__main__:  element.H.kcn[0]: 0.09918376161635309
ERROR:__main__:  element.H.kcn[1]: 0.023593080539890017
ERROR:__main__:  element.H.gam: 0.34238437453399895
ERROR:__main__:  element.H.zeff: 1.1670466788218485
ERROR:__main__:  element.H.arep: 2.5108748556253957
ERROR:__main__:  element.H.en: 2.314576286542974
INFO:__main__:Initial point 5: fitness = 1000.000000
INFO:__main__:Phase 2: Bayesian optimization
/projects/noso3320/software/gfn_env/lib/python3.13/site-packages/sklearn/gaussian_process/kernels.py:452: ConvergenceWarning: The optimal value found for dimension 0 of parameter k1__length_scale is close to the specified upper bound 100000.0. Increasing the bound and calling fit again may find a better value.
  warnings.warn(
/projects/noso3320/software/gfn_env/lib/python3.13/site-packages/sklearn/gaussian_process/kernels.py:452: ConvergenceWarning: The optimal value found for dimension 0 of parameter k2__noise_level is close to the specified upper bound 100000.0. Increasing the bound and calling fit again may find a better value.
  warnings.warn(
INFO:__main__:Base H element parameters:
INFO:__main__:  element.H.shells: ['1s', '2s']
INFO:__main__:  element.H.levels: [np.float64(-10.771667738255623), np.float64(-2.522558593117391)]
INFO:__main__:  element.H.slater: [np.float64(1.2575916312078201), np.float64(1.6532121028269318)]
INFO:__main__:  element.H.ngauss: [4, 3]
INFO:__main__:  element.H.refocc: [1.0, 0.0]
INFO:__main__:  element.H.shpoly: [0.0, 0.0]
INFO:__main__:  element.H.kcn: [np.float64(0.09918376161635309), np.float64(0.023593080539890017)]
INFO:__main__:  element.H.gam: 0.34238437453399895
INFO:__main__:  element.H.lgam: [1.0, 1.0]
INFO:__main__:  element.H.gam3: 0.0
INFO:__main__:  element.H.zeff: 1.1670466788218485
INFO:__main__:  element.H.arep: 2.5108748556253957
INFO:__main__:  element.H.xbond: 0.0
INFO:__main__:  element.H.en: 2.314576286542974
INFO:__main__:  element.H.dkernel: 0.0
INFO:__main__:  element.H.qkernel: 0.0
INFO:__main__:  element.H.mprad: 0.0
INFO:__main__:  element.H.mpvcn: 0.0
INFO:__main__:Setting parameters:
INFO:__main__:  hamiltonian.xtb.kpol: 2.49816047538945
INFO:__main__:  hamiltonian.xtb.enscale: 0.01802857225639665
INFO:__main__:  hamiltonian.xtb.shell.ss: 2.46398788362281
INFO:__main__:  hamiltonian.xtb.shell.pp: 2.697316968394073
INFO:__main__:  hamiltonian.xtb.shell.sp: 1.7340279606636548
INFO:__main__:  hamiltonian.xtb.kpair.H-H: 0.6559945203362026
INFO:__main__:  element.H.levels[0]: -12.767665551327202
INFO:__main__:  element.H.levels[1]: -1.7007357813375972
INFO:__main__:  element.H.slater[0]: 1.3606690070459253
INFO:__main__:  element.H.slater[1]: 2.2080725777960453
INFO:__main__:  element.H.kcn[0]: 0.03144091460070617
INFO:__main__:  element.H.kcn[1]: 0.029247746304049856
INFO:__main__:  element.H.gam: 0.5497327922401265
INFO:__main__:  element.H.zeff: 0.9849356442713105
INFO:__main__:  element.H.arep: 1.9454599737656806
INFO:__main__:  element.H.en: 1.946723607882747
INFO:__main__:Final H element parameters:
INFO:__main__:  element.H.shells: ['1s', '2s']
INFO:__main__:  element.H.levels: [np.float64(-12.767665551327202), np.float64(-1.7007357813375972)]
INFO:__main__:  element.H.slater: [np.float64(1.3606690070459253), np.float64(2.2080725777960453)]
INFO:__main__:  element.H.ngauss: [4, 3]
INFO:__main__:  element.H.refocc: [1.0, 0.0]
INFO:__main__:  element.H.shpoly: [0.0, 0.0]
INFO:__main__:  element.H.kcn: [np.float64(0.03144091460070617), np.float64(0.029247746304049856)]
INFO:__main__:  element.H.gam: 0.5497327922401265
INFO:__main__:  element.H.lgam: [1.0, 1.0]
INFO:__main__:  element.H.gam3: 0.0
INFO:__main__:  element.H.zeff: 0.9849356442713105
INFO:__main__:  element.H.arep: 1.9454599737656806
INFO:__main__:  element.H.xbond: 0.0
INFO:__main__:  element.H.en: 1.946723607882747
INFO:__main__:  element.H.dkernel: 0.0
INFO:__main__:  element.H.qkernel: 0.0
INFO:__main__:  element.H.mprad: 0.0
INFO:__main__:  element.H.mpvcn: 0.0
INFO:__main__:Created parameter file: /scratch/alpine/noso3320/.tmp/tmp6un98h9_.toml
INFO:__main__:Debug: Saved parameter file copy to /tmp/debug_params_5.toml
ERROR:__main__:Failed to evaluate fitness: TBLite command failed with exit code 1
Command: tblite run --method gfn1 --param /gpfs/alpine1/scratch/noso3320/.tmp/tmp6un98h9_.toml /scratch/alpine/noso3320/.tmp/tmpwffk7kl2/coord
Working directory: /scratch/alpine/noso3320/.tmp/tmpwffk7kl2
STDOUT:

STDERR:
Invalid slater exponents for H
Note: The following floating-point exceptions are signalling: IEEE_UNDERFLOW_FLAG IEEE_DENORMAL
ERROR STOP 

Error termination. Backtrace:
#0  0x56349af12fe3 in ???
#1  0x56349aef9070 in ???
#2  0x14cb1055fcf2 in ???
#3  0x56349aef90a0 in ???
#4  0xffffffffffffffff in ???

ERROR:__main__:Parameter values that failed:
ERROR:__main__:  hamiltonian.xtb.kpol: 2.49816047538945
ERROR:__main__:  hamiltonian.xtb.enscale: 0.01802857225639665
ERROR:__main__:  hamiltonian.xtb.shell.ss: 2.46398788362281
ERROR:__main__:  hamiltonian.xtb.shell.pp: 2.697316968394073
ERROR:__main__:  hamiltonian.xtb.shell.sp: 1.7340279606636548
ERROR:__main__:  hamiltonian.xtb.kpair.H-H: 0.6559945203362026
ERROR:__main__:  element.H.levels[0]: -12.767665551327202
ERROR:__main__:  element.H.levels[1]: -1.7007357813375972
ERROR:__main__:  element.H.slater[0]: 1.3606690070459253
ERROR:__main__:  element.H.slater[1]: 2.2080725777960453
ERROR:__main__:  element.H.kcn[0]: 0.03144091460070617
ERROR:__main__:  element.H.kcn[1]: 0.029247746304049856
ERROR:__main__:  element.H.gam: 0.5497327922401265
ERROR:__main__:  element.H.zeff: 0.9849356442713105
ERROR:__main__:  element.H.arep: 1.9454599737656806
ERROR:__main__:  element.H.en: 1.946723607882747
INFO:__main__:Iteration 6: fitness = 1000.000000, best = 1000.000000
/projects/noso3320/software/gfn_env/lib/python3.13/site-packages/sklearn/gaussian_process/kernels.py:452: ConvergenceWarning: The optimal value found for dimension 0 of parameter k1__length_scale is close to the specified upper bound 100000.0. Increasing the bound and calling fit again may find a better value.
  warnings.warn(
/projects/noso3320/software/gfn_env/lib/python3.13/site-packages/sklearn/gaussian_process/kernels.py:452: ConvergenceWarning: The optimal value found for dimension 0 of parameter k2__noise_level is close to the specified upper bound 100000.0. Increasing the bound and calling fit again may find a better value.
  warnings.warn(
INFO:__main__:Base H element parameters:
INFO:__main__:  element.H.shells: ['1s', '2s']
INFO:__main__:  element.H.levels: [np.float64(-12.767665551327202), np.float64(-1.7007357813375972)]
INFO:__main__:  element.H.slater: [np.float64(1.3606690070459253), np.float64(2.2080725777960453)]
INFO:__main__:  element.H.ngauss: [4, 3]
INFO:__main__:  element.H.refocc: [1.0, 0.0]
INFO:__main__:  element.H.shpoly: [0.0, 0.0]
INFO:__main__:  element.H.kcn: [np.float64(0.03144091460070617), np.float64(0.029247746304049856)]
INFO:__main__:  element.H.gam: 0.5497327922401265
INFO:__main__:  element.H.lgam: [1.0, 1.0]
INFO:__main__:  element.H.gam3: 0.0
INFO:__main__:  element.H.zeff: 0.9849356442713105
INFO:__main__:  element.H.arep: 1.9454599737656806
INFO:__main__:  element.H.xbond: 0.0
INFO:__main__:  element.H.en: 1.946723607882747
INFO:__main__:  element.H.dkernel: 0.0
INFO:__main__:  element.H.qkernel: 0.0
INFO:__main__:  element.H.mprad: 0.0
INFO:__main__:  element.H.mpvcn: 0.0
INFO:__main__:Setting parameters:
INFO:__main__:  hamiltonian.xtb.kpol: 4.761834337411657
INFO:__main__:  hamiltonian.xtb.enscale: 0.018157143080103497
INFO:__main__:  hamiltonian.xtb.shell.ss: 2.829728780440897
INFO:__main__:  hamiltonian.xtb.shell.pp: 2.2403174005108886
INFO:__main__:  hamiltonian.xtb.shell.sp: 1.5231849247933011
INFO:__main__:  hamiltonian.xtb.kpair.H-H: 1.4283185625877253
INFO:__main__:  element.H.levels[0]: -11.287263406730743
INFO:__main__:  element.H.levels[1]: -1.5500177714344956
INFO:__main__:  element.H.slater[0]: 1.578171986253552
INFO:__main__:  element.H.slater[1]: 2.35300945546736
INFO:__main__:  element.H.kcn[0]: 0.050611422444871
INFO:__main__:  element.H.kcn[1]: 0.014627443215048132
INFO:__main__:  element.H.gam: 0.555341001455057
INFO:__main__:  element.H.zeff: 1.0267688020625112
INFO:__main__:  element.H.arep: 1.935594197348874
INFO:__main__:  element.H.en: 2.2454410099666804
INFO:__main__:Final H element parameters:
INFO:__main__:  element.H.shells: ['1s', '2s']
INFO:__main__:  element.H.levels: [np.float64(-11.287263406730743), np.float64(-1.5500177714344956)]
INFO:__main__:  element.H.slater: [np.float64(1.578171986253552), np.float64(2.35300945546736)]
INFO:__main__:  element.H.ngauss: [4, 3]
INFO:__main__:  element.H.refocc: [1.0, 0.0]
INFO:__main__:  element.H.shpoly: [0.0, 0.0]
INFO:__main__:  element.H.kcn: [np.float64(0.050611422444871), np.float64(0.014627443215048132)]
INFO:__main__:  element.H.gam: 0.555341001455057
INFO:__main__:  element.H.lgam: [1.0, 1.0]
INFO:__main__:  element.H.gam3: 0.0
INFO:__main__:  element.H.zeff: 1.0267688020625112
INFO:__main__:  element.H.arep: 1.935594197348874
INFO:__main__:  element.H.xbond: 0.0
INFO:__main__:  element.H.en: 2.2454410099666804
INFO:__main__:  element.H.dkernel: 0.0
INFO:__main__:  element.H.qkernel: 0.0
INFO:__main__:  element.H.mprad: 0.0
INFO:__main__:  element.H.mpvcn: 0.0
INFO:__main__:Created parameter file: /scratch/alpine/noso3320/.tmp/tmp4s9d2cmm.toml
INFO:__main__:Debug: Saved parameter file copy to /tmp/debug_params_6.toml
ERROR:__main__:Failed to evaluate fitness: TBLite command failed with exit code 1
Command: tblite run --method gfn1 --param /gpfs/alpine1/scratch/noso3320/.tmp/tmp4s9d2cmm.toml /scratch/alpine/noso3320/.tmp/tmpp1rn72qb/coord
Working directory: /scratch/alpine/noso3320/.tmp/tmpp1rn72qb
STDOUT:

STDERR:
Invalid slater exponents for H
Note: The following floating-point exceptions are signalling: IEEE_UNDERFLOW_FLAG IEEE_DENORMAL
ERROR STOP 

Error termination. Backtrace:
#0  0x55bde32c9fe3 in ???
#1  0x55bde32b0070 in ???
#2  0x1554306fecf2 in ???
#3  0x55bde32b00a0 in ???
#4  0xffffffffffffffff in ???

ERROR:__main__:Parameter values that failed:
ERROR:__main__:  hamiltonian.xtb.kpol: 4.761834337411657
ERROR:__main__:  hamiltonian.xtb.enscale: 0.018157143080103497
ERROR:__main__:  hamiltonian.xtb.shell.ss: 2.829728780440897
ERROR:__main__:  hamiltonian.xtb.shell.pp: 2.2403174005108886
ERROR:__main__:  hamiltonian.xtb.shell.sp: 1.5231849247933011
ERROR:__main__:  hamiltonian.xtb.kpair.H-H: 1.4283185625877253
ERROR:__main__:  element.H.levels[0]: -11.287263406730743
ERROR:__main__:  element.H.levels[1]: -1.5500177714344956
ERROR:__main__:  element.H.slater[0]: 1.578171986253552
ERROR:__main__:  element.H.slater[1]: 2.35300945546736
ERROR:__main__:  element.H.kcn[0]: 0.050611422444871
ERROR:__main__:  element.H.kcn[1]: 0.014627443215048132
ERROR:__main__:  element.H.gam: 0.555341001455057
ERROR:__main__:  element.H.zeff: 1.0267688020625112
ERROR:__main__:  element.H.arep: 1.935594197348874
ERROR:__main__:  element.H.en: 2.2454410099666804
INFO:__main__:Iteration 7: fitness = 1000.000000, best = 1000.000000
/projects/noso3320/software/gfn_env/lib/python3.13/site-packages/sklearn/gaussian_process/kernels.py:452: ConvergenceWarning: The optimal value found for dimension 0 of parameter k1__length_scale is close to the specified upper bound 100000.0. Increasing the bound and calling fit again may find a better value.
  warnings.warn(
/projects/noso3320/software/gfn_env/lib/python3.13/site-packages/sklearn/gaussian_process/kernels.py:452: ConvergenceWarning: The optimal value found for dimension 0 of parameter k2__noise_level is close to the specified upper bound 100000.0. Increasing the bound and calling fit again may find a better value.
  warnings.warn(
INFO:__main__:Base H element parameters:
INFO:__main__:  element.H.shells: ['1s', '2s']
INFO:__main__:  element.H.levels: [np.float64(-11.287263406730743), np.float64(-1.5500177714344956)]
INFO:__main__:  element.H.slater: [np.float64(1.578171986253552), np.float64(2.35300945546736)]
INFO:__main__:  element.H.ngauss: [4, 3]
INFO:__main__:  element.H.refocc: [1.0, 0.0]
INFO:__main__:  element.H.shpoly: [0.0, 0.0]
INFO:__main__:  element.H.kcn: [np.float64(0.050611422444871), np.float64(0.014627443215048132)]
INFO:__main__:  element.H.gam: 0.555341001455057
INFO:__main__:  element.H.lgam: [1.0, 1.0]
INFO:__main__:  element.H.gam3: 0.0
INFO:__main__:  element.H.zeff: 1.0267688020625112
INFO:__main__:  element.H.arep: 1.935594197348874
INFO:__main__:  element.H.xbond: 0.0
INFO:__main__:  element.H.en: 2.2454410099666804
INFO:__main__:  element.H.dkernel: 0.0
INFO:__main__:  element.H.qkernel: 0.0
INFO:__main__:  element.H.mprad: 0.0
INFO:__main__:  element.H.mpvcn: 0.0
INFO:__main__:Setting parameters:
INFO:__main__:  hamiltonian.xtb.kpol: 1.7831645391571858
INFO:__main__:  hamiltonian.xtb.enscale: -0.01722554796499338
INFO:__main__:  hamiltonian.xtb.shell.ss: 1.2015560027548533
INFO:__main__:  hamiltonian.xtb.shell.pp: 1.5364436513030995
INFO:__main__:  hamiltonian.xtb.shell.sp: 1.6416644411338925
INFO:__main__:  hamiltonian.xtb.kpair.H-H: 1.183006773416357
INFO:__main__:  element.H.levels[0]: -12.715245406159084
INFO:__main__:  element.H.levels[1]: -2.521536554559358
INFO:__main__:  element.H.slater[0]: 1.5069251865816728
INFO:__main__:  element.H.slater[1]: 1.523271935735826
INFO:__main__:  element.H.kcn[0]: 0.0870127937812255
INFO:__main__:  element.H.kcn[1]: 0.012046369369334998
INFO:__main__:  element.H.gam: 0.33544944828649687
INFO:__main__:  element.H.zeff: 1.1786948661456602
INFO:__main__:  element.H.arep: 2.303154277423907
INFO:__main__:  element.H.en: 2.5019776108216423
INFO:__main__:Final H element parameters:
INFO:__main__:  element.H.shells: ['1s', '2s']
INFO:__main__:  element.H.levels: [np.float64(-12.715245406159084), np.float64(-2.521536554559358)]
INFO:__main__:  element.H.slater: [np.float64(1.5069251865816728), np.float64(1.523271935735826)]
INFO:__main__:  element.H.ngauss: [4, 3]
INFO:__main__:  element.H.refocc: [1.0, 0.0]
INFO:__main__:  element.H.shpoly: [0.0, 0.0]
INFO:__main__:  element.H.kcn: [np.float64(0.0870127937812255), np.float64(0.012046369369334998)]
INFO:__main__:  element.H.gam: 0.33544944828649687
INFO:__main__:  element.H.lgam: [1.0, 1.0]
INFO:__main__:  element.H.gam3: 0.0
INFO:__main__:  element.H.zeff: 1.1786948661456602
INFO:__main__:  element.H.arep: 2.303154277423907
INFO:__main__:  element.H.xbond: 0.0
INFO:__main__:  element.H.en: 2.5019776108216423
INFO:__main__:  element.H.dkernel: 0.0
INFO:__main__:  element.H.qkernel: 0.0
INFO:__main__:  element.H.mprad: 0.0
INFO:__main__:  element.H.mpvcn: 0.0
INFO:__main__:Created parameter file: /scratch/alpine/noso3320/.tmp/tmp_n9wz3ft.toml
INFO:__main__:Debug: Saved parameter file copy to /tmp/debug_params_7.toml
ERROR:__main__:Failed to evaluate fitness: TBLite command failed with exit code 1
Command: tblite run --method gfn1 --param /gpfs/alpine1/scratch/noso3320/.tmp/tmp_n9wz3ft.toml /scratch/alpine/noso3320/.tmp/tmpefdyjnx3/coord
Working directory: /scratch/alpine/noso3320/.tmp/tmpefdyjnx3
STDOUT:

STDERR:
Invalid slater exponents for H
Note: The following floating-point exceptions are signalling: IEEE_UNDERFLOW_FLAG IEEE_DENORMAL
ERROR STOP 

Error termination. Backtrace:
#0  0x560a8ab74fe3 in ???
#1  0x560a8ab5b070 in ???
#2  0x14bc18ab9cf2 in ???
#3  0x560a8ab5b0a0 in ???
#4  0xffffffffffffffff in ???

ERROR:__main__:Parameter values that failed:
ERROR:__main__:  hamiltonian.xtb.kpol: 1.7831645391571858
ERROR:__main__:  hamiltonian.xtb.enscale: -0.01722554796499338
ERROR:__main__:  hamiltonian.xtb.shell.ss: 1.2015560027548533
ERROR:__main__:  hamiltonian.xtb.shell.pp: 1.5364436513030995
ERROR:__main__:  hamiltonian.xtb.shell.sp: 1.6416644411338925
ERROR:__main__:  hamiltonian.xtb.kpair.H-H: 1.183006773416357
ERROR:__main__:  element.H.levels[0]: -12.715245406159084
ERROR:__main__:  element.H.levels[1]: -2.521536554559358
ERROR:__main__:  element.H.slater[0]: 1.5069251865816728
ERROR:__main__:  element.H.slater[1]: 1.523271935735826
ERROR:__main__:  element.H.kcn[0]: 0.0870127937812255
ERROR:__main__:  element.H.kcn[1]: 0.012046369369334998
ERROR:__main__:  element.H.gam: 0.33544944828649687
ERROR:__main__:  element.H.zeff: 1.1786948661456602
ERROR:__main__:  element.H.arep: 2.303154277423907
ERROR:__main__:  element.H.en: 2.5019776108216423
INFO:__main__:Iteration 8: fitness = 1000.000000, best = 1000.000000
/projects/noso3320/software/gfn_env/lib/python3.13/site-packages/sklearn/gaussian_process/kernels.py:452: ConvergenceWarning: The optimal value found for dimension 0 of parameter k1__length_scale is close to the specified upper bound 100000.0. Increasing the bound and calling fit again may find a better value.
  warnings.warn(
/projects/noso3320/software/gfn_env/lib/python3.13/site-packages/sklearn/gaussian_process/kernels.py:452: ConvergenceWarning: The optimal value found for dimension 0 of parameter k2__noise_level is close to the specified upper bound 100000.0. Increasing the bound and calling fit again may find a better value.
  warnings.warn(
INFO:__main__:Base H element parameters:
INFO:__main__:  element.H.shells: ['1s', '2s']
INFO:__main__:  element.H.levels: [np.float64(-12.715245406159084), np.float64(-2.521536554559358)]
INFO:__main__:  element.H.slater: [np.float64(1.5069251865816728), np.float64(1.523271935735826)]
INFO:__main__:  element.H.ngauss: [4, 3]
INFO:__main__:  element.H.refocc: [1.0, 0.0]
INFO:__main__:  element.H.shpoly: [0.0, 0.0]
INFO:__main__:  element.H.kcn: [np.float64(0.0870127937812255), np.float64(0.012046369369334998)]
INFO:__main__:  element.H.gam: 0.33544944828649687
INFO:__main__:  element.H.lgam: [1.0, 1.0]
INFO:__main__:  element.H.gam3: 0.0
INFO:__main__:  element.H.zeff: 1.1786948661456602
INFO:__main__:  element.H.arep: 2.303154277423907
INFO:__main__:  element.H.xbond: 0.0
INFO:__main__:  element.H.en: 2.5019776108216423
INFO:__main__:  element.H.dkernel: 0.0
INFO:__main__:  element.H.qkernel: 0.0
INFO:__main__:  element.H.mprad: 0.0
INFO:__main__:  element.H.mpvcn: 0.0
INFO:__main__:Setting parameters:
INFO:__main__:  hamiltonian.xtb.kpol: 1.2255019866037085
INFO:__main__:  hamiltonian.xtb.enscale: 0.014588895050202128
INFO:__main__:  hamiltonian.xtb.shell.ss: 2.6258020182601554
INFO:__main__:  hamiltonian.xtb.shell.pp: 3.499435346572261
INFO:__main__:  hamiltonian.xtb.shell.sp: 2.994955255610858
INFO:__main__:  hamiltonian.xtb.kpair.H-H: 1.0554317056026274
INFO:__main__:  element.H.levels[0]: -9.924050339277958
INFO:__main__:  element.H.levels[1]: -1.582851405176358
INFO:__main__:  element.H.slater[0]: 1.509788434406447
INFO:__main__:  element.H.slater[1]: 1.7473481017431975
INFO:__main__:  element.H.kcn[0]: 0.061538089471706546
INFO:__main__:  element.H.kcn[1]: 0.008228985378787374
INFO:__main__:  element.H.gam: 0.5862153081776167
INFO:__main__:  element.H.zeff: 1.142469853780352
INFO:__main__:  element.H.arep: 1.9829142444027703
INFO:__main__:  element.H.en: 2.3373605475246855
INFO:__main__:Final H element parameters:
INFO:__main__:  element.H.shells: ['1s', '2s']
INFO:__main__:  element.H.levels: [np.float64(-9.924050339277958), np.float64(-1.582851405176358)]
INFO:__main__:  element.H.slater: [np.float64(1.509788434406447), np.float64(1.7473481017431975)]
INFO:__main__:  element.H.ngauss: [4, 3]
INFO:__main__:  element.H.refocc: [1.0, 0.0]
INFO:__main__:  element.H.shpoly: [0.0, 0.0]
INFO:__main__:  element.H.kcn: [np.float64(0.061538089471706546), np.float64(0.008228985378787374)]
INFO:__main__:  element.H.gam: 0.5862153081776167
INFO:__main__:  element.H.lgam: [1.0, 1.0]
INFO:__main__:  element.H.gam3: 0.0
INFO:__main__:  element.H.zeff: 1.142469853780352
INFO:__main__:  element.H.arep: 1.9829142444027703
INFO:__main__:  element.H.xbond: 0.0
INFO:__main__:  element.H.en: 2.3373605475246855
INFO:__main__:  element.H.dkernel: 0.0
INFO:__main__:  element.H.qkernel: 0.0
INFO:__main__:  element.H.mprad: 0.0
INFO:__main__:  element.H.mpvcn: 0.0
INFO:__main__:Created parameter file: /scratch/alpine/noso3320/.tmp/tmplff6bngo.toml
INFO:__main__:Debug: Saved parameter file copy to /tmp/debug_params_8.toml
ERROR:__main__:Failed to evaluate fitness: TBLite command failed with exit code 1
Command: tblite run --method gfn1 --param /gpfs/alpine1/scratch/noso3320/.tmp/tmplff6bngo.toml /scratch/alpine/noso3320/.tmp/tmp0tfu7tlm/coord
Working directory: /scratch/alpine/noso3320/.tmp/tmp0tfu7tlm
STDOUT:

STDERR:
Invalid slater exponents for H
Note: The following floating-point exceptions are signalling: IEEE_UNDERFLOW_FLAG IEEE_DENORMAL
ERROR STOP 

Error termination. Backtrace:
#0  0x559f01b9cfe3 in ???
#1  0x559f01b83070 in ???
#2  0x14a080fa8cf2 in ???
#3  0x559f01b830a0 in ???
#4  0xffffffffffffffff in ???

ERROR:__main__:Parameter values that failed:
ERROR:__main__:  hamiltonian.xtb.kpol: 1.2255019866037085
ERROR:__main__:  hamiltonian.xtb.enscale: 0.014588895050202128
ERROR:__main__:  hamiltonian.xtb.shell.ss: 2.6258020182601554
ERROR:__main__:  hamiltonian.xtb.shell.pp: 3.499435346572261
ERROR:__main__:  hamiltonian.xtb.shell.sp: 2.994955255610858
ERROR:__main__:  hamiltonian.xtb.kpair.H-H: 1.0554317056026274
ERROR:__main__:  element.H.levels[0]: -9.924050339277958
ERROR:__main__:  element.H.levels[1]: -1.582851405176358
ERROR:__main__:  element.H.slater[0]: 1.509788434406447
ERROR:__main__:  element.H.slater[1]: 1.7473481017431975
ERROR:__main__:  element.H.kcn[0]: 0.061538089471706546
ERROR:__main__:  element.H.kcn[1]: 0.008228985378787374
ERROR:__main__:  element.H.gam: 0.5862153081776167
ERROR:__main__:  element.H.zeff: 1.142469853780352
ERROR:__main__:  element.H.arep: 1.9829142444027703
ERROR:__main__:  element.H.en: 2.3373605475246855
INFO:__main__:Iteration 9: fitness = 1000.000000, best = 1000.000000
/projects/noso3320/software/gfn_env/lib/python3.13/site-packages/sklearn/gaussian_process/kernels.py:452: ConvergenceWarning: The optimal value found for dimension 0 of parameter k1__length_scale is close to the specified upper bound 100000.0. Increasing the bound and calling fit again may find a better value.
  warnings.warn(
/projects/noso3320/software/gfn_env/lib/python3.13/site-packages/sklearn/gaussian_process/kernels.py:452: ConvergenceWarning: The optimal value found for dimension 0 of parameter k2__noise_level is close to the specified upper bound 100000.0. Increasing the bound and calling fit again may find a better value.
  warnings.warn(
INFO:__main__:Base H element parameters:
INFO:__main__:  element.H.shells: ['1s', '2s']
INFO:__main__:  element.H.levels: [np.float64(-9.924050339277958), np.float64(-1.582851405176358)]
INFO:__main__:  element.H.slater: [np.float64(1.509788434406447), np.float64(1.7473481017431975)]
INFO:__main__:  element.H.ngauss: [4, 3]
INFO:__main__:  element.H.refocc: [1.0, 0.0]
INFO:__main__:  element.H.shpoly: [0.0, 0.0]
INFO:__main__:  element.H.kcn: [np.float64(0.061538089471706546), np.float64(0.008228985378787374)]
INFO:__main__:  element.H.gam: 0.5862153081776167
INFO:__main__:  element.H.lgam: [1.0, 1.0]
INFO:__main__:  element.H.gam3: 0.0
INFO:__main__:  element.H.zeff: 1.142469853780352
INFO:__main__:  element.H.arep: 1.9829142444027703
INFO:__main__:  element.H.xbond: 0.0
INFO:__main__:  element.H.en: 2.3373605475246855
INFO:__main__:  element.H.dkernel: 0.0
INFO:__main__:  element.H.qkernel: 0.0
INFO:__main__:  element.H.mprad: 0.0
INFO:__main__:  element.H.mpvcn: 0.0
INFO:__main__:Setting parameters:
INFO:__main__:  hamiltonian.xtb.kpol: 3.5108322122856714
INFO:__main__:  hamiltonian.xtb.enscale: -0.006603775413716555
INFO:__main__:  hamiltonian.xtb.shell.ss: 1.2785441453267745
INFO:__main__:  hamiltonian.xtb.shell.pp: 3.0880503785405917
INFO:__main__:  hamiltonian.xtb.shell.sp: 2.4301091338927705
INFO:__main__:  hamiltonian.xtb.kpair.H-H: 1.0334610919763216
INFO:__main__:  element.H.levels[0]: -9.424429667796169
INFO:__main__:  element.H.levels[1]: -1.8171041831632038
INFO:__main__:  element.H.slater[0]: 1.0910049278396508
INFO:__main__:  element.H.slater[1]: 1.8117220677955483
INFO:__main__:  element.H.kcn[0]: 0.0473942397870126
INFO:__main__:  element.H.kcn[1]: 0.023598657314316925
INFO:__main__:  element.H.gam: 0.3100597304207338
INFO:__main__:  element.H.zeff: 1.1279558739485267
INFO:__main__:  element.H.arep: 2.409966948592553
INFO:__main__:  element.H.en: 2.5014125094093997
INFO:__main__:Final H element parameters:
INFO:__main__:  element.H.shells: ['1s', '2s']
INFO:__main__:  element.H.levels: [np.float64(-9.424429667796169), np.float64(-1.8171041831632038)]
INFO:__main__:  element.H.slater: [np.float64(1.0910049278396508), np.float64(1.8117220677955483)]
INFO:__main__:  element.H.ngauss: [4, 3]
INFO:__main__:  element.H.refocc: [1.0, 0.0]
INFO:__main__:  element.H.shpoly: [0.0, 0.0]
INFO:__main__:  element.H.kcn: [np.float64(0.0473942397870126), np.float64(0.023598657314316925)]
INFO:__main__:  element.H.gam: 0.3100597304207338
INFO:__main__:  element.H.lgam: [1.0, 1.0]
INFO:__main__:  element.H.gam3: 0.0
INFO:__main__:  element.H.zeff: 1.1279558739485267
INFO:__main__:  element.H.arep: 2.409966948592553
INFO:__main__:  element.H.xbond: 0.0
INFO:__main__:  element.H.en: 2.5014125094093997
INFO:__main__:  element.H.dkernel: 0.0
INFO:__main__:  element.H.qkernel: 0.0
INFO:__main__:  element.H.mprad: 0.0
INFO:__main__:  element.H.mpvcn: 0.0
INFO:__main__:Created parameter file: /scratch/alpine/noso3320/.tmp/tmp59w_bidw.toml
INFO:__main__:Debug: Saved parameter file copy to /tmp/debug_params_9.toml
ERROR:__main__:Failed to evaluate fitness: TBLite command failed with exit code 1
Command: tblite run --method gfn1 --param /gpfs/alpine1/scratch/noso3320/.tmp/tmp59w_bidw.toml /scratch/alpine/noso3320/.tmp/tmpl3xbcrz0/coord
Working directory: /scratch/alpine/noso3320/.tmp/tmpl3xbcrz0
STDOUT:

STDERR:
Invalid slater exponents for H
Note: The following floating-point exceptions are signalling: IEEE_UNDERFLOW_FLAG IEEE_DENORMAL
ERROR STOP 

Error termination. Backtrace:
#0  0x55adecf6dfe3 in ???
#1  0x55adecf54070 in ???
#2  0x14a2ef5b1cf2 in ???
#3  0x55adecf540a0 in ???
#4  0xffffffffffffffff in ???

ERROR:__main__:Parameter values that failed:
ERROR:__main__:  hamiltonian.xtb.kpol: 3.5108322122856714
ERROR:__main__:  hamiltonian.xtb.enscale: -0.006603775413716555
ERROR:__main__:  hamiltonian.xtb.shell.ss: 1.2785441453267745
ERROR:__main__:  hamiltonian.xtb.shell.pp: 3.0880503785405917
ERROR:__main__:  hamiltonian.xtb.shell.sp: 2.4301091338927705
ERROR:__main__:  hamiltonian.xtb.kpair.H-H: 1.0334610919763216
ERROR:__main__:  element.H.levels[0]: -9.424429667796169
ERROR:__main__:  element.H.levels[1]: -1.8171041831632038
ERROR:__main__:  element.H.slater[0]: 1.0910049278396508
ERROR:__main__:  element.H.slater[1]: 1.8117220677955483
ERROR:__main__:  element.H.kcn[0]: 0.0473942397870126
ERROR:__main__:  element.H.kcn[1]: 0.023598657314316925
ERROR:__main__:  element.H.gam: 0.3100597304207338
ERROR:__main__:  element.H.zeff: 1.1279558739485267
ERROR:__main__:  element.H.arep: 2.409966948592553
ERROR:__main__:  element.H.en: 2.5014125094093997
INFO:__main__:Iteration 10: fitness = 1000.000000, best = 1000.000000
INFO:__main__:Converged after 10 iterations
INFO:__main__:Optimization completed in 11.94 seconds
INFO:__main__:Best fitness: 1000.000000
INFO:__main__:Failed evaluations: 10
INFO:__main__:Base H element parameters:
INFO:__main__:  element.H.shells: ['1s', '2s']
INFO:__main__:  element.H.levels: [np.float64(-9.424429667796169), np.float64(-1.8171041831632038)]
INFO:__main__:  element.H.slater: [np.float64(1.0910049278396508), np.float64(1.8117220677955483)]
INFO:__main__:  element.H.ngauss: [4, 3]
INFO:__main__:  element.H.refocc: [1.0, 0.0]
INFO:__main__:  element.H.shpoly: [0.0, 0.0]
INFO:__main__:  element.H.kcn: [np.float64(0.0473942397870126), np.float64(0.023598657314316925)]
INFO:__main__:  element.H.gam: 0.3100597304207338
INFO:__main__:  element.H.lgam: [1.0, 1.0]
INFO:__main__:  element.H.gam3: 0.0
INFO:__main__:  element.H.zeff: 1.1279558739485267
INFO:__main__:  element.H.arep: 2.409966948592553
INFO:__main__:  element.H.xbond: 0.0
INFO:__main__:  element.H.en: 2.5014125094093997
INFO:__main__:  element.H.dkernel: 0.0
INFO:__main__:  element.H.qkernel: 0.0
INFO:__main__:  element.H.mprad: 0.0
INFO:__main__:  element.H.mpvcn: 0.0
INFO:__main__:Setting parameters:
INFO:__main__:  hamiltonian.xtb.kpol: 3.580835161155229
INFO:__main__:  hamiltonian.xtb.enscale: 0.01648897248198358
INFO:__main__:  hamiltonian.xtb.shell.ss: 2.256560832035447
INFO:__main__:  hamiltonian.xtb.shell.pp: 3.2210527883762543
INFO:__main__:  hamiltonian.xtb.shell.sp: 2.0717467956337052
INFO:__main__:  hamiltonian.xtb.kpair.H-H: 0.5048755296726488
INFO:__main__:  element.H.levels[0]: -12.008911761592282
INFO:__main__:  element.H.levels[1]: -1.735819291583086
INFO:__main__:  element.H.slater[0]: 1.5846263640789346
INFO:__main__:  element.H.slater[1]: 2.2099228124208867
INFO:__main__:  element.H.kcn[0]: 0.052808827660743865
INFO:__main__:  element.H.kcn[1]: 0.015366175055756992
INFO:__main__:  element.H.gam: 0.5613680927951601
INFO:__main__:  element.H.zeff: 1.2341790709383336
INFO:__main__:  element.H.arep: 1.8890537281876272
INFO:__main__:  element.H.en: 2.563641804514436
INFO:__main__:Final H element parameters:
INFO:__main__:  element.H.shells: ['1s', '2s']
INFO:__main__:  element.H.levels: [np.float64(-12.008911761592282), np.float64(-1.735819291583086)]
INFO:__main__:  element.H.slater: [np.float64(1.5846263640789346), np.float64(2.2099228124208867)]
INFO:__main__:  element.H.ngauss: [4, 3]
INFO:__main__:  element.H.refocc: [1.0, 0.0]
INFO:__main__:  element.H.shpoly: [0.0, 0.0]
INFO:__main__:  element.H.kcn: [np.float64(0.052808827660743865), np.float64(0.015366175055756992)]
INFO:__main__:  element.H.gam: 0.5613680927951601
INFO:__main__:  element.H.lgam: [1.0, 1.0]
INFO:__main__:  element.H.gam3: 0.0
INFO:__main__:  element.H.zeff: 1.2341790709383336
INFO:__main__:  element.H.arep: 1.8890537281876272
INFO:__main__:  element.H.xbond: 0.0
INFO:__main__:  element.H.en: 2.563641804514436
INFO:__main__:  element.H.dkernel: 0.0
INFO:__main__:  element.H.qkernel: 0.0
INFO:__main__:  element.H.mprad: 0.0
INFO:__main__:  element.H.mpvcn: 0.0
INFO:__main__:Created parameter file: /scratch/alpine/noso3320/.tmp/tmpt9j0jb6z.toml
ERROR:__main__:Failed to evaluate test performance: TBLite command failed with exit code 1
Command: tblite run --method gfn1 --param /gpfs/alpine1/scratch/noso3320/.tmp/tmpt9j0jb6z.toml /scratch/alpine/noso3320/.tmp/tmpbvuqkvhz/coord
Working directory: /scratch/alpine/noso3320/.tmp/tmpbvuqkvhz
STDOUT:

STDERR:
Invalid slater exponents for H
Note: The following floating-point exceptions are signalling: IEEE_UNDERFLOW_FLAG IEEE_DENORMAL
ERROR STOP 

Error termination. Backtrace:
#0  0x55ad14adcfe3 in ???
#1  0x55ad14ac3070 in ???
#2  0x14c50f46dcf2 in ???
#3  0x55ad14ac30a0 in ???
#4  0xffffffffffffffff in ???

INFO:__main__:Test performance - RMSE: 1000.000000, MAE: 1000.000000, Max Error: 1000.000000
INFO:__main__:Best parameters saved to /projects/noso3320/work/gfn1_optim/results/parameters/bayesian_optimized_params.toml
INFO:__main__:Fitness history saved to /projects/noso3320/work/gfn1_optim/results/fitness/bayesian_fitness_history.csv
