INFO:__main__:Generated 884 parameter bounds for H2 from extracted defaults
INFO:__main__:Loading CCSD reference data from /projects/noso3320/work/gfn1_optim/results/curves/h2_ccsd_data.csv
INFO:__main__:Data split: 80 training points, 20 test points
INFO:__main__:Training distance range: 0.10 - 2.00 Å
INFO:__main__:Test distance range: 0.12 - 1.87 Å
INFO:__main__:Starting genetic algorithm optimization for H2
INFO:__main__:Using 80 training points for optimization
INFO:__main__:Initializing population of size 20
INFO:__main__:Generation 1/30
INFO:__main__:  Best fitness: 0.916368
INFO:__main__:  Avg fitness: 0.788116
INFO:__main__:  Failed evaluations: 0
INFO:__main__:  Evaluation time: 65.92s
INFO:__main__:Generation 2/30
INFO:__main__:  Best fitness: 0.966675
INFO:__main__:  Avg fitness: 0.830209
INFO:__main__:  Failed evaluations: 0
INFO:__main__:  Evaluation time: 66.74s
INFO:__main__:Generation 3/30
INFO:__main__:  Best fitness: 0.966675
INFO:__main__:  Avg fitness: 0.781208
INFO:__main__:  Failed evaluations: 0
INFO:__main__:  Evaluation time: 65.46s
INFO:__main__:Generation 4/30
INFO:__main__:  Best fitness: 0.966675
INFO:__main__:  Avg fitness: 0.930523
INFO:__main__:  Failed evaluations: 0
INFO:__main__:  Evaluation time: 68.61s
INFO:__main__:Generation 5/30
INFO:__main__:  Best fitness: 0.979593
INFO:__main__:  Avg fitness: 0.947773
INFO:__main__:  Failed evaluations: 0
INFO:__main__:  Evaluation time: 68.30s
INFO:__main__:Generation 6/30
INFO:__main__:  Best fitness: 0.979593
INFO:__main__:  Avg fitness: 0.955151
INFO:__main__:  Failed evaluations: 0
INFO:__main__:  Evaluation time: 68.04s
INFO:__main__:Generation 7/30
INFO:__main__:  Best fitness: 0.985732
INFO:__main__:  Avg fitness: 0.964190
INFO:__main__:  Failed evaluations: 0
INFO:__main__:  Evaluation time: 68.15s
INFO:__main__:Generation 8/30
INFO:__main__:  Best fitness: 0.986956
INFO:__main__:  Avg fitness: 0.969476
INFO:__main__:  Failed evaluations: 0
INFO:__main__:  Evaluation time: 66.09s
INFO:__main__:Generation 9/30
INFO:__main__:  Best fitness: 0.987672
INFO:__main__:  Avg fitness: 0.974416
INFO:__main__:  Failed evaluations: 0
INFO:__main__:  Evaluation time: 67.89s
INFO:__main__:Generation 10/30
INFO:__main__:  Best fitness: 0.988913
INFO:__main__:  Avg fitness: 0.977694
INFO:__main__:  Failed evaluations: 0
INFO:__main__:  Evaluation time: 67.75s
INFO:__main__:Generation 11/30
INFO:__main__:  Best fitness: 0.989240
INFO:__main__:  Avg fitness: 0.976603
INFO:__main__:  Failed evaluations: 0
INFO:__main__:  Evaluation time: 67.14s
INFO:__main__:Generation 12/30
INFO:__main__:  Best fitness: 0.989240
INFO:__main__:  Avg fitness: 0.981042
INFO:__main__:  Failed evaluations: 0
INFO:__main__:  Evaluation time: 66.60s
INFO:__main__:Generation 13/30
INFO:__main__:  Best fitness: 0.989295
INFO:__main__:  Avg fitness: 0.978310
INFO:__main__:  Failed evaluations: 0
INFO:__main__:  Evaluation time: 66.18s
INFO:__main__:Generation 14/30
INFO:__main__:  Best fitness: 0.989304
INFO:__main__:  Avg fitness: 0.982734
INFO:__main__:  Failed evaluations: 0
INFO:__main__:  Evaluation time: 66.63s
INFO:__main__:Generation 15/30
INFO:__main__:  Best fitness: 0.989304
INFO:__main__:  Avg fitness: 0.987455
INFO:__main__:  Failed evaluations: 0
INFO:__main__:  Evaluation time: 67.35s
INFO:__main__:Generation 16/30
INFO:__main__:  Best fitness: 0.989309
INFO:__main__:  Avg fitness: 0.988273
INFO:__main__:  Failed evaluations: 0
INFO:__main__:  Evaluation time: 67.01s
INFO:__main__:Generation 17/30
INFO:__main__:  Best fitness: 0.989309
INFO:__main__:  Avg fitness: 0.981927
INFO:__main__:  Failed evaluations: 0
INFO:__main__:  Evaluation time: 66.05s
INFO:__main__:Generation 18/30
INFO:__main__:  Best fitness: 0.989309
INFO:__main__:  Avg fitness: 0.987354
INFO:__main__:  Failed evaluations: 0
INFO:__main__:  Evaluation time: 67.67s
INFO:__main__:Generation 19/30
INFO:__main__:  Best fitness: 0.989309
INFO:__main__:  Avg fitness: 0.983367
INFO:__main__:  Failed evaluations: 0
INFO:__main__:  Evaluation time: 67.01s
INFO:__main__:Generation 20/30
INFO:__main__:  Best fitness: 0.989321
INFO:__main__:  Avg fitness: 0.987436
INFO:__main__:  Failed evaluations: 0
INFO:__main__:  Evaluation time: 68.78s
INFO:__main__:Generation 21/30
INFO:__main__:  Best fitness: 0.989369
INFO:__main__:  Avg fitness: 0.988778
INFO:__main__:  Failed evaluations: 0
INFO:__main__:  Evaluation time: 68.15s
INFO:__main__:Generation 22/30
INFO:__main__:  Best fitness: 0.989369
INFO:__main__:  Avg fitness: 0.988874
INFO:__main__:  Failed evaluations: 0
INFO:__main__:  Evaluation time: 68.86s
INFO:__main__:Generation 23/30
INFO:__main__:  Best fitness: 0.989378
INFO:__main__:  Avg fitness: 0.988534
INFO:__main__:  Failed evaluations: 0
INFO:__main__:  Evaluation time: 68.32s
INFO:__main__:Generation 24/30
INFO:__main__:  Best fitness: 0.989386
INFO:__main__:  Avg fitness: 0.988260
INFO:__main__:  Failed evaluations: 0
INFO:__main__:  Evaluation time: 68.57s
INFO:__main__:Generation 25/30
INFO:__main__:  Best fitness: 0.989386
INFO:__main__:  Avg fitness: 0.987078
INFO:__main__:  Failed evaluations: 0
INFO:__main__:  Evaluation time: 70.89s
INFO:__main__:Generation 26/30
INFO:__main__:  Best fitness: 0.989386
INFO:__main__:  Avg fitness: 0.987783
INFO:__main__:  Failed evaluations: 0
INFO:__main__:  Evaluation time: 69.79s
INFO:__main__:Generation 27/30
INFO:__main__:  Best fitness: 0.989386
INFO:__main__:  Avg fitness: 0.986985
INFO:__main__:  Failed evaluations: 0
INFO:__main__:  Evaluation time: 69.27s
INFO:__main__:Generation 28/30
INFO:__main__:  Best fitness: 0.989386
INFO:__main__:  Avg fitness: 0.988564
INFO:__main__:  Failed evaluations: 0
INFO:__main__:  Evaluation time: 72.80s
INFO:__main__:Generation 29/30
INFO:__main__:  Best fitness: 0.989386
INFO:__main__:  Avg fitness: 0.985163
INFO:__main__:  Failed evaluations: 0
INFO:__main__:  Evaluation time: 72.25s
INFO:__main__:Generation 30/30
INFO:__main__:  Best fitness: 0.989400
INFO:__main__:  Avg fitness: 0.988253
INFO:__main__:  Failed evaluations: 0
INFO:__main__:  Evaluation time: 70.30s
INFO:__main__:Optimization completed in 2043.47s
INFO:__main__:Total failed evaluations: 0
INFO:__main__:Test set performance:
INFO:__main__:  Test RMSE: 0.007594
INFO:__main__:  Test MAE: 0.005581
INFO:__main__:  Test Max Error: 0.017368
INFO:__main__:  Test Fitness: 0.992463
INFO:__main__:Best parameters saved to /projects/noso3320/work/gfn1_optim/results/parameters/H2_optimized.toml
INFO:__main__:Fitness history saved to /projects/noso3320/work/gfn1_optim/results/fitness/H2_fitness_history.csv
