converged SCF energy = -288.856427503383  <S^2> = 2.0147372  2S+1 = 3.0098087
E(UCCSD) = -288.9839312208491  E_corr = -0.1275037174663486
converged SCF energy = -577.426692946999  <S^2> = 3.0269121e-12  2S+1 = 1
E(UCCSD) = -577.7694163527945  E_corr = -0.3427234057956807
converged SCF energy = -577.435962432611  <S^2> = 3.0571101e-12  2S+1 = 1
E(UCCSD) = -577.7788694442932  E_corr = -0.3429070116822172
converged SCF energy = -577.44498313496  <S^2> = 3.0873082e-12  2S+1 = 1
E(UCCSD) = -577.7880710287299  E_corr = -0.3430878937698196
converged SCF energy = -577.453760035803  <S^2> = 3.1086245e-12  2S+1 = 1
E(UCCSD) = -577.797026062071  E_corr = -0.3432660262681794
converged SCF energy = -577.462298042455  <S^2> = 3.1334935e-12  2S+1 = 1
E(UCCSD) = -577.8057394302972  E_corr = -0.3434413878418342
converged SCF energy = -577.470601988692  <S^2> = 3.151257e-12  2S+1 = 1
E(UCCSD) = -577.8142159501915  E_corr = -0.3436139614997485
converged SCF energy = -577.478676635553  <S^2> = 3.176126e-12  2S+1 = 1
E(UCCSD) = -577.8224603700322  E_corr = -0.3437837344787024
converged SCF energy = -577.486526672072  <S^2> = 3.2045477e-12  2S+1 = 1
E(UCCSD) = -577.8304773701944  E_corr = -0.3439506981220538
converged SCF energy = -577.494156715968  <S^2> = 3.2436276e-12  2S+1 = 1
E(UCCSD) = -577.8382715637226  E_corr = -0.3441148477545151
converged SCF energy = -577.501571314262  <S^2> = 3.2827074e-12  2S+1 = 1
E(UCCSD) = -577.8458474968155  E_corr = -0.3442761825534089
converged SCF energy = -577.50877494388  <S^2> = 3.3040237e-12  2S+1 = 1
E(UCCSD) = -577.8532096492976  E_corr = -0.3444347054175326
converged SCF energy = -577.515772012201  <S^2> = 3.3395509e-12  2S+1 = 1
E(UCCSD) = -577.860362435039  E_corr = -0.3445904228379705
converged SCF energy = -577.522566857599  <S^2> = 3.3928416e-12  2S+1 = 1
E(UCCSD) = -577.8673102023835  E_corr = -0.3447433447847432
converged SCF energy = -577.52916374996  <S^2> = 3.4177106e-12  2S+1 = 1
E(UCCSD) = -577.8740572346439  E_corr = -0.3448934846836531
converged SCF energy = -577.535566891186  <S^2> = 3.4710013e-12  2S+1 = 1
E(UCCSD) = -577.8806077395378  E_corr = -0.3450408483516027
converged SCF energy = -577.541780415693  <S^2> = 3.5065284e-12  2S+1 = 1
E(UCCSD) = -577.8869658996319  E_corr = -0.3451854839390685
converged SCF energy = -577.547808390902  <S^2> = 3.5562664e-12  2S+1 = 1
E(UCCSD) = -577.8931357921432  E_corr = -0.3453274012415449
converged SCF energy = -577.553654817742  <S^2> = 3.5953462e-12  2S+1 = 1
E(UCCSD) = -577.8991214507306  E_corr = -0.345466632988887
converged SCF energy = -577.559323631137  <S^2> = 3.6557424e-12  2S+1 = 1
E(UCCSD) = -577.904926817484  E_corr = -0.3456031863466862
converged SCF energy = -577.564818700518  <S^2> = 3.6983749e-12  2S+1 = 1
E(UCCSD) = -577.9105558024268  E_corr = -0.3457371019083148
converged SCF energy = -577.570143830326  <S^2> = 3.7658765e-12  2S+1 = 1
E(UCCSD) = -577.9160122433598  E_corr = -0.3458684130337887
converged SCF energy = -577.575302760535  <S^2> = 3.8191672e-12  2S+1 = 1
E(UCCSD) = -577.921299875106  E_corr = -0.3459971145706207
converged SCF energy = -577.58029916718  <S^2> = 3.8742343e-12  2S+1 = 1
E(UCCSD) = -577.9264224911557  E_corr = -0.3461233239756933
converged SCF energy = -577.585136662895  <S^2> = 3.9435122e-12  2S+1 = 1
E(UCCSD) = -577.9313837043661  E_corr = -0.3462470414707989
converged SCF energy = -577.589818797476  <S^2> = 4.007461e-12  2S+1 = 1
E(UCCSD) = -577.9361871055904  E_corr = -0.3463683081147667
converged SCF energy = -577.594349058429  <S^2> = 4.0731862e-12  2S+1 = 1
E(UCCSD) = -577.9408362250709  E_corr = -0.3464871666424668
converged SCF energy = -577.598730871557  <S^2> = 4.1389114e-12  2S+1 = 1
E(UCCSD) = -577.9453345328823  E_corr = -0.3466036613253861
converged SCF energy = -577.602967601554  <S^2> = 4.2206239e-12  2S+1 = 1
E(UCCSD) = -577.94968543939  E_corr = -0.3467178378360496
converged SCF energy = -577.607062552594  <S^2> = 4.2845727e-12  2S+1 = 1
E(UCCSD) = -577.9538922957109  E_corr = -0.346829743117423
converged SCF energy = -577.611018968955  <S^2> = 4.3485215e-12  2S+1 = 1
E(UCCSD) = -577.9579583942117  E_corr = -0.3469394252569603
converged SCF energy = -577.61484003564  <S^2> = 4.4320103e-12  2S+1 = 1
E(UCCSD) = -577.9618869690047  E_corr = -0.347046933364786
converged SCF energy = -577.618528879013  <S^2> = 4.5172754e-12  2S+1 = 1
E(UCCSD) = -577.9656811964693  E_corr = -0.3471523174559858
converged SCF energy = -577.622088567455  <S^2> = 4.5830006e-12  2S+1 = 1
E(UCCSD) = -577.9693441957916  E_corr = -0.3472556283367978
converged SCF energy = -577.625522112004  <S^2> = 4.6505022e-12  2S+1 = 1
E(UCCSD) = -577.9728790294985  E_corr = -0.3473569174945701
converged SCF energy = -577.628832467042  <S^2> = 4.7322146e-12  2S+1 = 1
E(UCCSD) = -577.9762887040333  E_corr = -0.3474562369917583
converged SCF energy = -577.632022530952  <S^2> = 4.813927e-12  2S+1 = 1
E(UCCSD) = -577.9795761703157  E_corr = -0.3475536393640106
converged SCF energy = -577.635095146817  <S^2> = 4.8991922e-12  2S+1 = 1
E(UCCSD) = -577.9827443243388  E_corr = -0.3476491775223211
converged SCF energy = -577.638053103103  <S^2> = 4.9809046e-12  2S+1 = 1
E(UCCSD) = -577.9857960077625  E_corr = -0.3477429046593728
converged SCF energy = -577.640899134357  <S^2> = 5.0803806e-12  2S+1 = 1
E(UCCSD) = -577.988734008517  E_corr = -0.3478348741601606
converged SCF energy = -577.643635921907  <S^2> = 5.1532112e-12  2S+1 = 1
E(UCCSD) = -577.9915610614238  E_corr = -0.3479251395169775
converged SCF energy = -577.646266094579  <S^2> = 5.2473581e-12  2S+1 = 1
E(UCCSD) = -577.9942798488271  E_corr = -0.3480137542484727
converged SCF energy = -577.648792229398  <S^2> = 5.3326232e-12  2S+1 = 1
E(UCCSD) = -577.9968930012208  E_corr = -0.3481007718230143
converged SCF energy = -577.651216852314  <S^2> = 5.4303229e-12  2S+1 = 1
E(UCCSD) = -577.9994030964979  E_corr = -0.3481862441838716
converged SCF energy = -577.653542438916  <S^2> = 5.5084826e-12  2S+1 = 1
E(UCCSD) = -578.0018126670747  E_corr = -0.3482702281581828
converged SCF energy = -577.655771415149  <S^2> = 5.6061822e-12  2S+1 = 1
E(UCCSD) = -578.0041241895723  E_corr = -0.3483527744228561
converged SCF energy = -577.657906158043  <S^2> = 5.7038818e-12  2S+1 = 1
E(UCCSD) = -578.0063400935728  E_corr = -0.3484339355302329
converged SCF energy = -577.659948996433  <S^2> = 5.794476e-12  2S+1 = 1
E(UCCSD) = -578.0084627600905  E_corr = -0.348513763657088
converged SCF energy = -577.661902211679  <S^2> = 5.8921756e-12  2S+1 = 1
E(UCCSD) = -578.0104945222338  E_corr = -0.3485923105542448
converged SCF energy = -577.663768038395  <S^2> = 6.0076388e-12  2S+1 = 1
E(UCCSD) = -578.012437665896  E_corr = -0.3486696275004524
converged SCF energy = -577.665548665164  <S^2> = 6.1106675e-12  2S+1 = 1
E(UCCSD) = -578.0142944304238  E_corr = -0.3487457652596574
converged SCF energy = -577.667246235264  <S^2> = 6.2065908e-12  2S+1 = 1
E(UCCSD) = -578.0160670093057  E_corr = -0.3488207740416749
converged SCF energy = -577.66886284738  <S^2> = 6.3486993e-12  2S+1 = 1
E(UCCSD) = -578.0177575508462  E_corr = -0.3488947034659042
converged SCF energy = -577.670400556325  <S^2> = 6.4837025e-12  2S+1 = 1
E(UCCSD) = -578.019368158853  E_corr = -0.3489676025280689
converged SCF energy = -577.671861373748  <S^2> = 6.6222583e-12  2S+1 = 1
E(UCCSD) = -578.0209008933177  E_corr = -0.3490395195700789
converged SCF energy = -577.673247268844  <S^2> = 6.775025e-12  2S+1 = 1
E(UCCSD) = -578.0223577710967  E_corr = -0.3491105022530619
converged SCF energy = -577.674560169055  <S^2> = 6.9597661e-12  2S+1 = 1
E(UCCSD) = -578.0237407665885  E_corr = -0.3491805975336293
converged SCF energy = -577.67580196078  <S^2> = 7.1551653e-12  2S+1 = 1
E(UCCSD) = -578.0250518124235  E_corr = -0.3492498516433333
converged SCF energy = -577.676974490059  <S^2> = 7.3665518e-12  2S+1 = 1
E(UCCSD) = -578.0262928001306  E_corr = -0.3493183100710988
converged SCF energy = -577.678079563271  <S^2> = 7.6525453e-12  2S+1 = 1
E(UCCSD) = -578.0274655808191  E_corr = -0.3493860175486145
converged SCF energy = -577.679118947814  <S^2> = 7.9793949e-12  2S+1 = 1
E(UCCSD) = -578.0285719658524  E_corr = -0.3494530180384362
converged SCF energy = -577.680094372791  <S^2> = 8.3772989e-12  2S+1 = 1
E(UCCSD) = -578.0296137275154  E_corr = -0.3495193547245796
converged SCF energy = -577.681007529671  <S^2> = 8.8995478e-12  2S+1 = 1
E(UCCSD) = -578.0305925996767  E_corr = -0.3495850700054862
converged SCF energy = -577.681860072973  <S^2> = 9.5656816e-12  2S+1 = 1
E(UCCSD) = -578.0315102784623  E_corr = -0.3496502054892509
converged SCF energy = -577.682653620877  <S^2> = 4.3636916e-10  2S+1 = 1
E(UCCSD) = -578.0323684265143  E_corr = -0.3497148056374117
converged SCF energy = -577.683389755676  <S^2> = 4.5422972e-09  2S+1 = 1
E(UCCSD) = -578.0331686539514  E_corr = -0.3497788982756786
converged SCF energy = -577.684070025714  <S^2> = 3.2002099e-09  2S+1 = 1
E(UCCSD) = -578.0339125609163  E_corr = -0.3498425352026104
converged SCF energy = -577.684695943726  <S^2> = 2.0253506e-09  2S+1 = 1
E(UCCSD) = -578.0346016947576  E_corr = -0.3499057510312373
converged SCF energy = -577.6852689892  <S^2> = 1.0742465e-09  2S+1 = 1
E(UCCSD) = -578.0352375726305  E_corr = -0.3499685834307559
converged SCF energy = -577.685790608516  <S^2> = 4.0047254e-10  2S+1 = 1
E(UCCSD) = -578.0358216778036  E_corr = -0.3500310692874554
converged SCF energy = -577.686262215574  <S^2> = 5.177192e-11  2S+1 = 1
E(UCCSD) = -578.0363554602854  E_corr = -0.3500932447116614
converged SCF energy = -577.686685192401  <S^2> = 6.6606276e-11  2S+1 = 1
E(UCCSD) = -578.0368403374468  E_corr = -0.3501551450462425
converged SCF energy = -577.687060889748  <S^2> = 4.7094062e-10  2S+1 = 1
E(UCCSD) = -578.0372776946243  E_corr = -0.350216804876724
converged SCF energy = -577.687390627698  <S^2> = 1.2730261e-09  2S+1 = 1
E(UCCSD) = -578.0376688857406  E_corr = -0.3502782580430061
converged SCF energy = -577.687675696243  <S^2> = 2.4543994e-09  2S+1 = 1
E(UCCSD) = -578.0380152338954  E_corr = -0.3503395376527182
converged SCF energy = -577.687917355862  <S^2> = 3.9472976e-09  2S+1 = 1
E(UCCSD) = -578.0383180319585  E_corr = -0.3504006760962103
converged SCF energy = -577.688116838106  <S^2> = 5.5763003e-09  2S+1 = 1
E(UCCSD) = -578.0385785431681  E_corr = -0.3504617050621271
converged SCF energy = -577.688275346161  <S^2> = 6.911776e-09  2S+1 = 1
E(UCCSD) = -578.0387980017076  E_corr = -0.3505226555462417
converged SCF energy = -577.688394055945  <S^2> = 4.1997872e-10  2S+1 = 1
E(UCCSD) = -578.038977613362  E_corr = -0.3505835574175575
converged SCF energy = -577.688474114402  <S^2> = 2.5054803e-10  2S+1 = 1
E(UCCSD) = -578.039118553595  E_corr = -0.3506444391928114
converged SCF energy = -577.688516643343  <S^2> = 9.0079055e-12  2S+1 = 1
E(UCCSD) = -578.0392219739236  E_corr = -0.3507053305804809
converged SCF energy = -577.688522737833  <S^2> = 9.0135899e-11  2S+1 = 1
E(UCCSD) = -578.0392890004878  E_corr = -0.3507662626544166
converged SCF energy = -577.688493467325  <S^2> = 1.1368684e-12  2S+1 = 1
E(UCCSD) = -578.039320726381  E_corr = -0.3508272590560813
converged SCF energy = -577.68842987603  <S^2> = 1.0267343e-12  2S+1 = 1
E(UCCSD) = -578.0393182264801  E_corr = -0.3508883504502844
converged SCF energy = -577.68833298352  <S^2> = 9.4502184e-13  2S+1 = 1
E(UCCSD) = -578.0392825456305  E_corr = -0.3509495621103612
converged SCF energy = -577.688203785194  <S^2> = 8.5975671e-13  2S+1 = 1
E(UCCSD) = -578.0392147052717  E_corr = -0.3510109200773304
converged SCF energy = -577.688043252767  <S^2> = 7.7449158e-13  2S+1 = 1
E(UCCSD) = -578.0391157026141  E_corr = -0.3510724498471343
converged SCF energy = -577.687852334751  <S^2> = 7.1764816e-13  2S+1 = 1
E(UCCSD) = -578.0389865111407  E_corr = -0.3511341763898473
converged SCF energy = -577.687631956942  <S^2> = 6.5192296e-13  2S+1 = 1
E(UCCSD) = -578.0388280811102  E_corr = -0.3511961241676639
converged SCF energy = -577.687383022874  <S^2> = 6.0040861e-13  2S+1 = 1
E(UCCSD) = -578.0386413400266  E_corr = -0.3512583171530199
converged SCF energy = -577.68710641428  <S^2> = 5.5067062e-13  2S+1 = 1
E(UCCSD) = -578.0384272004103  E_corr = -0.3513207861306508
converged SCF energy = -577.68680299155  <S^2> = 5.2580162e-13  2S+1 = 1
E(UCCSD) = -578.0381865318243  E_corr = -0.3513835402746808
converged SCF energy = -577.686473594164  <S^2> = 5.0448534e-13  2S+1 = 1
E(UCCSD) = -578.0379202029757  E_corr = -0.3514466088113228
converged SCF energy = -577.686119041142  <S^2> = 5.0448534e-13  2S+1 = 1
E(UCCSD) = -578.0376290550743  E_corr = -0.3515100139320791
converged SCF energy = -577.685740131454  <S^2> = 5.2580162e-13  2S+1 = 1
E(UCCSD) = -578.0373139088817  E_corr = -0.3515737774278832
converged SCF energy = -577.685337644462  <S^2> = 5.3468341e-13  2S+1 = 1
E(UCCSD) = -578.0369755651687  E_corr = -0.351637920706713
converged SCF energy = -577.684912340314  <S^2> = 5.5422333e-13  2S+1 = 1
E(UCCSD) = -578.0366148051249  E_corr = -0.3517024648110449
converged SCF energy = -577.684464960367  <S^2> = 6.0218497e-13  2S+1 = 1
E(UCCSD) = -578.0362323908016  E_corr = -0.3517674304351284
converged SCF energy = -577.683996227576  <S^2> = 6.8212103e-13  2S+1 = 1
E(UCCSD) = -578.0358290655179  E_corr = -0.3518328379420824
converged SCF energy = -577.683506846893  <S^2> = 7.3896445e-13  2S+1 = 1
E(UCCSD) = -578.0354055542734  E_corr = -0.3518987073807284
converged SCF energy = -577.682997505647  <S^2> = 8.4199314e-13  2S+1 = 1
E(UCCSD) = -578.0349625641491  E_corr = -0.3519650585022519
converged SCF energy = -577.682468873929  <S^2> = 9.2725827e-13  2S+1 = 1
E(UCCSD) = -578.0345007847054  E_corr = -0.3520319107765008
converged SCF energy = -577.681921604954  <S^2> = 1.0409451e-12  2S+1 = 1
E(UCCSD) = -578.0340208883625  E_corr = -0.3520992834081259
converged SCF energy = -577.681356335442  <S^2> = 1.1866064e-12  2S+1 = 1
E(UCCSD) = -578.0335235307942  E_corr = -0.3521671953522377
converged SCF energy = -577.680773685959  <S^2> = 1.3251622e-12  2S+1 = 1
E(UCCSD) = -578.0330093512887  E_corr = -0.3522356653299824
converged SCF energy = -577.680174261283  <S^2> = 1.4992452e-12  2S+1 = 1
E(UCCSD) = -578.0324789731263  E_corr = -0.3523047118435492
converged SCF energy = -577.679558650742  <S^2> = 1.6573409e-12  2S+1 = 1
E(UCCSD) = -578.0319330039329  E_corr = -0.3523743531909963
converged SCF energy = -577.678927428554  <S^2> = 1.8545165e-12  2S+1 = 1
E(UCCSD) = -578.0313720360342  E_corr = -0.3524446074806252
converged SCF energy = -577.678281154165  <S^2> = 2.0463631e-12  2S+1 = 1
E(UCCSD) = -578.0307966468105  E_corr = -0.3525154926449821
converged SCF energy = -577.677620372573  <S^2> = 2.2577495e-12  2S+1 = 1
E(UCCSD) = -578.0302073990271  E_corr = -0.352587026454463
converged SCF energy = -577.676945614645  <S^2> = 2.4620306e-12  2S+1 = 1
E(UCCSD) = -578.0296048411759  E_corr = -0.3526592265305436
converged SCF energy = -577.676257397437  <S^2> = 2.7018388e-12  2S+1 = 1
E(UCCSD) = -578.0289895077956  E_corr = -0.3527321103585072
converged SCF energy = -577.675556224503  <S^2> = 2.9451996e-12  2S+1 = 1
E(UCCSD) = -578.0283619198029  E_corr = -0.3528056952998196
converged SCF energy = -577.674842586198  <S^2> = 3.1867842e-12  2S+1 = 1
E(UCCSD) = -578.0277225848019  E_corr = -0.3528799986040031
converged SCF energy = -577.674116959969  <S^2> = 3.4425796e-12  2S+1 = 1
E(UCCSD) = -578.0270719973888  E_corr = -0.3529550374200797
converged SCF energy = -577.673379810657  <S^2> = 3.7143622e-12  2S+1 = 1
E(UCCSD) = -578.0264107007899  E_corr = -0.3530308901334232
converged SCF energy = -577.672631590778  <S^2> = 3.9754866e-12  2S+1 = 1
E(UCCSD) = -578.0257390432337  E_corr = -0.353107452455205
converged SCF energy = -577.671872740805  <S^2> = 4.2703618e-12  2S+1 = 1
E(UCCSD) = -578.0250575420337  E_corr = -0.353184801228638
converged SCF energy = -577.671103689442  <S^2> = 4.5616844e-12  2S+1 = 1
E(UCCSD) = -578.0243666427456  E_corr = -0.35326295330314
converged SCF energy = -577.670324853897  <S^2> = 4.8476778e-12  2S+1 = 1
E(UCCSD) = -578.0236667793737  E_corr = -0.3533419254771437
converged SCF energy = -577.744909117919  <S^2> = 1.0779328  2S+1 = 2.3047194
E(UCCSD) = -578.0547850823998  E_corr = -0.3098759644811528
converged SCF energy = -577.764580010552  <S^2> = 1.0220802  2S+1 = 2.2557307
E(UCCSD) = -578.0663711247928  E_corr = -0.3017911142407211
converged SCF energy = -577.764178604797  <S^2> = 1.0220418  2S+1 = 2.2556966
E(UCCSD) = -578.0660895915859  E_corr = -0.3019109867887703
converged SCF energy = -577.731580589263  <S^2> = 1.238547e-10  2S+1 = 1
E(UCCSD) = -578.0514952525872  E_corr = -0.3199146633242043
converged SCF energy = -577.763318305839  <S^2> = 1.0219665  2S+1 = 2.2556298
E(UCCSD) = -578.0654735786102  E_corr = -0.302155272771439
converged SCF energy = -577.762860429349  <S^2> = 1.0219294  2S+1 = 2.2555969
E(UCCSD) = -578.0651400925049  E_corr = -0.3022796631562369
converged SCF energy = -577.730486548564  <S^2> = 7.2024164e-11  2S+1 = 1
E(UCCSD) = -578.0507508268319  E_corr = -0.3202642782681088
converged SCF energy = -577.761891680859  <S^2> = 1.0218559  2S+1 = 2.2555318
E(UCCSD) = -578.064424561779  E_corr = -0.302532880920265
converged SCF energy = -577.761381759969  <S^2> = 1.0218199  2S+1 = 2.2554998
E(UCCSD) = -578.0640434468743  E_corr = -0.3026616869055356
converged SCF energy = -577.760855424655  <S^2> = 1.0217841  2S+1 = 2.2554681
E(UCCSD) = -578.0636473671691  E_corr = -0.3027919425142114
converged SCF energy = -577.760313124712  <S^2> = 1.0217484  2S+1 = 2.2554364
E(UCCSD) = -578.0632367591388  E_corr = -0.3029236344268338
converged SCF energy = -577.75975530002  <S^2> = 1.0217131  2S+1 = 2.2554052
E(UCCSD) = -578.0628120552219  E_corr = -0.3030567552018114
converged SCF energy = -577.759182380774  <S^2> = 1.0216783  2S+1 = 2.2553743
E(UCCSD) = -578.0623736721  E_corr = -0.3031912913256276
converged SCF energy = -577.758594787691  <S^2> = 1.0216438  2S+1 = 2.2553437
E(UCCSD) = -578.0619220206815  E_corr = -0.3033272329906382
converged SCF energy = -577.757992932201  <S^2> = 1.0216095  2S+1 = 2.2553132
E(UCCSD) = -578.0614575000434  E_corr = -0.3034645678428375
converged SCF energy = -577.726276646613  <S^2> = 1.377952e-09  2S+1 = 1
E(UCCSD) = -578.0477003066455  E_corr = -0.3214236600324749
converged SCF energy = -577.756748034555  <S^2> = 1.0215418  2S+1 = 2.2552533
E(UCCSD) = -578.0604914104746  E_corr = -0.3037433759195364
converged SCF energy = -577.725174585604  <S^2> = 7.797496e-11  2S+1 = 1
E(UCCSD) = -578.0468775437107  E_corr = -0.3217029581068694
converged SCF energy = -577.724603261159  <S^2> = 5.1956661e-10  2S+1 = 1
E(UCCSD) = -578.0464487902607  E_corr = -0.3218455291018984
converged SCF energy = -577.724018906164  <S^2> = 7.9225515e-12  2S+1 = 1
E(UCCSD) = -578.0460087827346  E_corr = -0.3219898765704483
converged SCF energy = -577.754104209787  <S^2> = 1.0214099  2S+1 = 2.2551363
E(UCCSD) = -578.0584214466191  E_corr = -0.3043172368317701
converged SCF energy = -577.753413299376  <S^2> = 1.021378  2S+1 = 2.255108
E(UCCSD) = -578.0578773241645  E_corr = -0.304464024787975
converged SCF energy = -577.722191253618  <S^2> = 1.8072654e-11  2S+1 = 1
E(UCCSD) = -578.0446255926894  E_corr = -0.3224343390715108
converged SCF energy = -577.751997969802  <S^2> = 1.0213147  2S+1 = 2.2550519
E(UCCSD) = -578.0567594813685  E_corr = -0.3047615115668822
converged SCF energy = -577.751274216102  <S^2> = 1.0212829  2S+1 = 2.2550236
E(UCCSD) = -578.0561864066829  E_corr = -0.3049121905809545
converged SCF energy = -577.750540167841  <S^2> = 1.0212527  2S+1 = 2.2549969
E(UCCSD) = -578.0556043103817  E_corr = -0.3050641425403564
converged SCF energy = -577.749796139592  <S^2> = 1.0212213  2S+1 = 2.254969
E(UCCSD) = -578.0550135012338  E_corr = -0.3052173616413195
converged SCF energy = -577.749042438934  <S^2> = 1.0211918  2S+1 = 2.2549428
E(UCCSD) = -578.054414273843  E_corr = -0.305371834908809
converged SCF energy = -577.748279366621  <S^2> = 1.0211617  2S+1 = 2.2549161
E(UCCSD) = -578.0538069185353  E_corr = -0.3055275519147612
converged SCF energy = -577.747507216736  <S^2> = 1.0211315  2S+1 = 2.2548893
E(UCCSD) = -578.0531917151045  E_corr = -0.3056844983683001
converged SCF energy = -577.746726276784  <S^2> = 1.021102  2S+1 = 2.2548632
E(UCCSD) = -578.0525689503263  E_corr = -0.3058426735423845
converged SCF energy = -577.745936827891  <S^2> = 1.0210723  2S+1 = 2.2548369
E(UCCSD) = -578.051938893109  E_corr = -0.306002065217971
converged SCF energy = -577.745139144964  <S^2> = 1.0210438  2S+1 = 2.2548116
E(UCCSD) = -578.0513017976189  E_corr = -0.3061626526553404
converged SCF energy = -577.744333496694  <S^2> = 1.0210147  2S+1 = 2.2547858
E(UCCSD) = -578.0506579398442  E_corr = -0.3063244431503233
converged SCF energy = -577.743520145792  <S^2> = 1.0209883  2S+1 = 2.2547623
E(UCCSD) = -578.0500075423486  E_corr = -0.3064873965561305
converged SCF energy = -577.742699349382  <S^2> = 1.0209584  2S+1 = 2.2547358
E(UCCSD) = -578.049350900826  E_corr = -0.3066515514437588
converged SCF energy = -577.712414419912  <S^2> = 2.9057645e-11  2S+1 = 1
E(UCCSD) = -578.0371343643401  E_corr = -0.3247199444277615
converged SCF energy = -577.741036418374  <S^2> = 1.0209035  2S+1 = 2.2546871
E(UCCSD) = -578.0480197298566  E_corr = -0.3069833114828359
converged SCF energy = -577.740194769422  <S^2> = 1.0208756  2S+1 = 2.2546623
E(UCCSD) = -578.0473456871154  E_corr = -0.3071509176930626
converged SCF energy = -577.739346646241  <S^2> = 1.0208488  2S+1 = 2.2546386
E(UCCSD) = -578.0466662998919  E_corr = -0.3073196536512934
converged SCF energy = -577.73849227823  <S^2> = 1.0208228  2S+1 = 2.2546155
E(UCCSD) = -578.0459817882612  E_corr = -0.3074895100308923
converged SCF energy = -577.708524124601  <S^2> = 1.030358e-10  2S+1 = 1
E(UCCSD) = -578.0341402026322  E_corr = -0.3256160780308849
converged SCF energy = -577.73676569981  <S^2> = 1.0207701  2S+1 = 2.2545688
E(UCCSD) = -578.0445982598284  E_corr = -0.3078325600181952
converged SCF energy = -577.735893922994  <S^2> = 1.0207442  2S+1 = 2.2545458
E(UCCSD) = -578.0438996555453  E_corr = -0.3080057325513713
converged SCF energy = -577.735016768713  <S^2> = 1.0207186  2S+1 = 2.2545231
E(UCCSD) = -578.0431967654292  E_corr = -0.3081799967158165
converged SCF energy = -577.734134441843  <S^2> = 1.0206937  2S+1 = 2.254501
E(UCCSD) = -578.042489766479  E_corr = -0.308355324636102
converged SCF energy = -577.733247142517  <S^2> = 1.020668  2S+1 = 2.2544782
E(UCCSD) = -578.0417788686995  E_corr = -0.3085317261819616
converged SCF energy = -577.732355066482  <S^2> = 1.0206433  2S+1 = 2.2544563
E(UCCSD) = -578.0410642407739  E_corr = -0.3087091742914677
converged SCF energy = -577.731458404973  <S^2> = 1.0206193  2S+1 = 2.254435
E(UCCSD) = -578.0403460878485  E_corr = -0.3088876828756941
converged SCF energy = -577.730557345017  <S^2> = 1.0205956  2S+1 = 2.254414
E(UCCSD) = -578.0396245630468  E_corr = -0.3090672180298342
converged SCF energy = -577.729652069327  <S^2> = 1.0205718  2S+1 = 2.2543929
E(UCCSD) = -578.0388998530849  E_corr = -0.3092477837583757
converged SCF energy = -577.700287528944  <S^2> = 1.617969e-08  2S+1 = 1
E(UCCSD) = -578.0278132015693  E_corr = -0.3275256726250241
converged SCF energy = -577.727829581254  <S^2> = 1.0205244  2S+1 = 2.2543508
E(UCCSD) = -578.0374415355592  E_corr = -0.3096119543056481
converged SCF energy = -577.698580863631  <S^2> = 4.470877e-10  2S+1 = 1
E(UCCSD) = -578.0265064163934  E_corr = -0.3279255527624557
converged SCF energy = -577.725992321775  <S^2> = 1.020478  2S+1 = 2.2543097
E(UCCSD) = -578.0359724524187  E_corr = -0.3099801306438385
converged SCF energy = -577.725068567356  <S^2> = 1.0204569  2S+1 = 2.2542909
E(UCCSD) = -578.0352342575101  E_corr = -0.3101656901539913
converged SCF energy = -577.695990477384  <S^2> = 2.6837164e-09  2S+1 = 1
E(UCCSD) = -578.0245267303532  E_corr = -0.3285362529693886
converged SCF energy = -577.723211605669  <S^2> = 1.0204105  2S+1 = 2.2542498
E(UCCSD) = -578.0337513006912  E_corr = -0.3105396950220587
converged SCF energy = -577.722278706224  <S^2> = 1.0203897  2S+1 = 2.2542313
E(UCCSD) = -578.0330068611268  E_corr = -0.3107281549029352
converged SCF energy = -577.721343060365  <S^2> = 1.0203677  2S+1 = 2.2542118
E(UCCSD) = -578.0322605966049  E_corr = -0.3109175362395495
converged SCF energy = -577.720404813425  <S^2> = 1.0203471  2S+1 = 2.2541935
E(UCCSD) = -578.0315126701545  E_corr = -0.3111078567291999
converged SCF energy = -577.719464107332  <S^2> = 1.020326  2S+1 = 2.2541748
E(UCCSD) = -578.0307631939569  E_corr = -0.3112990866254106
converged SCF energy = -577.718521080794  <S^2> = 1.0203057  2S+1 = 2.2541567
E(UCCSD) = -578.0300123308061  E_corr = -0.311491250012128
converged SCF energy = -577.71757586936  <S^2> = 1.0202851  2S+1 = 2.2541385
E(UCCSD) = -578.0292601780264  E_corr = -0.3116843086663443
converged SCF energy = -577.688934420321  <S^2> = 3.0702498e-07  2S+1 = 1.0000006
E(UCCSD) = -578.0191606991838  E_corr = -0.3302262788627122
converged SCF energy = -577.688039838701  <S^2> = 1.2088996e-10  2S+1 = 1
E(UCCSD) = -578.0184835151045  E_corr = -0.3304436764037043
converged SCF energy = -577.714728435016  <S^2> = 1.0202271  2S+1 = 2.2540871
E(UCCSD) = -578.0269972413291  E_corr = -0.3122688063131591
converged SCF energy = -577.686243786641  <S^2> = 1.9286617e-10  2S+1 = 1
E(UCCSD) = -578.0171261262069  E_corr = -0.3308823395657163
converged SCF energy = -577.712821569302  <S^2> = 1.0201882  2S+1 = 2.2540525
E(UCCSD) = -578.0254843899207  E_corr = -0.3126628206183793
converged SCF energy = -577.711865925697  <S^2> = 1.0201698  2S+1 = 2.2540362
E(UCCSD) = -578.0247270316875  E_corr = -0.3128611059902651
converged SCF energy = -577.710908962734  <S^2> = 1.0201518  2S+1 = 2.2540202
E(UCCSD) = -578.0239691913183  E_corr = -0.3130602285842269
converged SCF energy = -577.70995079294  <S^2> = 1.020133  2S+1 = 2.2540036
E(UCCSD) = -578.0232109676531  E_corr = -0.3132601747132682
converged SCF energy = -577.68171907663  <S^2> = 4.4194188e-08  2S+1 = 1.0000001
E(UCCSD) = -578.0137206955009  E_corr = -0.3320016188707386
converged SCF energy = -577.708031269842  <S^2> = 1.0200976  2S+1 = 2.2539721
E(UCCSD) = -578.0216937899619  E_corr = -0.3136625201203477
converged SCF energy = -577.707070128745  <S^2> = 1.0200797  2S+1 = 2.2539563
E(UCCSD) = -578.0209350280377  E_corr = -0.3138648992926318
converged SCF energy = -577.706108205336  <S^2> = 1.0200627  2S+1 = 2.2539412
E(UCCSD) = -578.0201762707619  E_corr = -0.3140680654261269
converged SCF energy = -577.705145599632  <S^2> = 1.0200459  2S+1 = 2.2539263
E(UCCSD) = -578.0194176078292  E_corr = -0.3142720081972814
converged SCF energy = -577.677156307158  <S^2> = 7.4439654e-10  2S+1 = 1
E(UCCSD) = -578.0103085437183  E_corr = -0.3331522365604029
converged SCF energy = -577.676240344871  <S^2> = 5.8740035e-10  2S+1 = 1
E(UCCSD) = -578.0096264049768  E_corr = -0.3333860601053919
converged SCF energy = -577.702254654171  <S^2> = 1.019997  2S+1 = 2.2538829
E(UCCSD) = -578.0171430818681  E_corr = -0.3148884276967391
converged SCF energy = -577.701290273491  <S^2> = 1.0199826  2S+1 = 2.2538701
E(UCCSD) = -578.0163856697296  E_corr = -0.3150953962385331
converged SCF energy = -577.700325676568  <S^2> = 1.0199665  2S+1 = 2.2538558
E(UCCSD) = -578.0156287710004  E_corr = -0.3153030944321414
converged SCF energy = -577.699360950068  <S^2> = 1.0199524  2S+1 = 2.2538433
E(UCCSD) = -578.0148724724264  E_corr = -0.3155115223588625
converged SCF energy = -577.671648772244  <S^2> = 1.0523848e-09  2S+1 = 1
E(UCCSD) = -578.0062212610768  E_corr = -0.3345724888326255
converged SCF energy = -577.697431445254  <S^2> = 1.019921  2S+1 = 2.2538154
E(UCCSD) = -578.0133619399782  E_corr = -0.3159304947239177
converged SCF energy = -577.696466830243  <S^2> = 1.0199065  2S+1 = 2.2538026
E(UCCSD) = -578.0126078452879  E_corr = -0.3161410150444399
converged SCF energy = -577.695502412509  <S^2> = 1.0198924  2S+1 = 2.2537901
E(UCCSD) = -578.0118546455118  E_corr = -0.3163522330031667
converged SCF energy = -577.694538268949  <S^2> = 1.0198789  2S+1 = 2.2537781
E(UCCSD) = -578.0111023863865  E_corr = -0.3165641174373538
converged SCF energy = -577.693574474595  <S^2> = 1.0198649  2S+1 = 2.2537656
E(UCCSD) = -578.0103511457145  E_corr = -0.3167766711189673
converged SCF energy = -577.692611102691  <S^2> = 1.0198519  2S+1 = 2.2537541
E(UCCSD) = -578.0096009829334  E_corr = -0.3169898802427072
converged SCF energy = -577.691648224713  <S^2> = 1.0198386  2S+1 = 2.2537423
E(UCCSD) = -578.0088519588991  E_corr = -0.317203734186315
converged SCF energy = -577.690685910395  <S^2> = 1.019826  2S+1 = 2.2537311
E(UCCSD) = -578.0081041363703  E_corr = -0.3174182259754598
converged SCF energy = -577.689724227801  <S^2> = 1.0198131  2S+1 = 2.2537197
E(UCCSD) = -578.0073575693142  E_corr = -0.3176333415131756
converged SCF energy = -577.688763243303  <S^2> = 1.0198014  2S+1 = 2.2537093
E(UCCSD) = -578.0066123227534  E_corr = -0.3178490794508618
converged SCF energy = -577.687803021699  <S^2> = 1.0197882  2S+1 = 2.2536976
E(UCCSD) = -578.0058684427762  E_corr = -0.3180654210775141
converged SCF energy = -577.686843626151  <S^2> = 1.0197768  2S+1 = 2.2536874
E(UCCSD) = -578.0051259880182  E_corr = -0.3182823618669088
converged SCF energy = -577.685885118284  <S^2> = 1.0197653  2S+1 = 2.2536772
E(UCCSD) = -578.0043850109463  E_corr = -0.3184998926624836
converged SCF energy = -577.684927558203  <S^2> = 1.0197534  2S+1 = 2.2536667
E(UCCSD) = -578.0036455660103  E_corr = -0.3187180078070315
converged SCF energy = -577.683971004528  <S^2> = 1.0197422  2S+1 = 2.2536568
E(UCCSD) = -578.0029076936926  E_corr = -0.3189366891647255
converged SCF energy = -577.683015514405  <S^2> = 1.0197314  2S+1 = 2.2536472
E(UCCSD) = -578.0021714444376  E_corr = -0.3191559300322106
converged SCF energy = -577.682061143532  <S^2> = 1.0197223  2S+1 = 2.2536391
E(UCCSD) = -578.0014368967037  E_corr = -0.3193757531718576
converged SCF energy = -577.655091761981  <S^2> = 3.7529446e-10  2S+1 = 1
E(UCCSD) = -577.9941632531253  E_corr = -0.3390714911438943
converged SCF energy = -577.68015597561  <S^2> = 1.0197002  2S+1 = 2.2536195
E(UCCSD) = -577.9999729149682  E_corr = -0.3198169393586158
converged SCF energy = -577.679205283075  <S^2> = 1.0196903  2S+1 = 2.2536107
E(UCCSD) = -577.9992436202332  E_corr = -0.3200383371578369
converged SCF energy = -577.652347125185  <S^2> = 1.9021762e-10  2S+1 = 1
E(UCCSD) = -577.9922004834009  E_corr = -0.339853358215592
converged SCF energy = -577.67730793238  <S^2> = 1.019671  2S+1 = 2.2535936
E(UCCSD) = -577.99779060896  E_corr = -0.3204826765799384
converged SCF energy = -577.676361370981  <S^2> = 1.019662  2S+1 = 2.2535856
E(UCCSD) = -577.9970669757182  E_corr = -0.3207056047371614
converged SCF energy = -577.675416281312  <S^2> = 1.019653  2S+1 = 2.2535776
E(UCCSD) = -577.9963453210987  E_corr = -0.3209290397869624
converged SCF energy = -577.648701005944  <S^2> = 1.0265815e-09  2S+1 = 1
E(UCCSD) = -577.9896100290098  E_corr = -0.3409090230659542
converged SCF energy = -577.673530697167  <S^2> = 1.0196357  2S+1 = 2.2535622
E(UCCSD) = -577.9949080025198  E_corr = -0.3213773053525079
converged SCF energy = -577.646884572831  <S^2> = 1.0757581e-09  2S+1 = 1
E(UCCSD) = -577.9883269209379  E_corr = -0.3414423481067875
converged SCF energy = -577.671651528321  <S^2> = 1.0196195  2S+1 = 2.2535478
E(UCCSD) = -577.9934789678847  E_corr = -0.3218274395640915
converged SCF energy = -577.670714453502  <S^2> = 1.0196121  2S+1 = 2.2535413
E(UCCSD) = -577.992767633052  E_corr = -0.3220531795504265
converged SCF energy = -577.669779104935  <S^2> = 1.0196045  2S+1 = 2.2535345
E(UCCSD) = -577.9920584696786  E_corr = -0.3222793647431135
converged SCF energy = -577.643266774531  <S^2> = 2.0657538e-09  2S+1 = 1
E(UCCSD) = -577.9857864128185  E_corr = -0.3425196382870622
converged SCF energy = -577.667913739724  <S^2> = 1.0195896  2S+1 = 2.2535213
E(UCCSD) = -577.9906467685327  E_corr = -0.3227330288083236
converged SCF energy = -577.666983797047  <S^2> = 1.0195837  2S+1 = 2.2535161
E(UCCSD) = -577.9899442918471  E_corr = -0.3229604947996323
converged SCF energy = -577.666055728657  <S^2> = 1.0195759  2S+1 = 2.2535092
E(UCCSD) = -577.9892440960255  E_corr = -0.3231883673681195
converged SCF energy = -577.63967128234  <S^2> = 3.0860008e-09  2S+1 = 1
E(UCCSD) = -577.9832819748335  E_corr = -0.3436106924939154
converged SCF energy = -577.638776184965  <S^2> = 2.0147795e-10  2S+1 = 1
E(UCCSD) = -577.9826617696647  E_corr = -0.3438855846998204
converged SCF energy = -577.637882670495  <S^2> = 2.8208014e-10  2S+1 = 1
E(UCCSD) = -577.9820439299335  E_corr = -0.3441612594380841
converged SCF energy = -577.636990773485  <S^2> = 2.0264146e-10  2S+1 = 1
E(UCCSD) = -577.9814285287731  E_corr = -0.344437755287981
converged SCF energy = -577.661444674288  <S^2> = 1.0195462  2S+1 = 2.2534829
E(UCCSD) = -577.9857783282322  E_corr = -0.3243336539444934
converged SCF energy = -577.660528542633  <S^2> = 1.0195408  2S+1 = 2.253478
E(UCCSD) = -577.9850923871275  E_corr = -0.3245638444945359
converged SCF energy = -577.659614507081  <S^2> = 1.0195354  2S+1 = 2.2534732
E(UCCSD) = -577.9844089039332  E_corr = -0.3247943968527162
converged SCF energy = -577.658702595762  <S^2> = 1.01953  2S+1 = 2.2534684
E(UCCSD) = -577.9837278849627  E_corr = -0.3250252892007663
converged SCF energy = -577.632556700402  <S^2> = 2.3308289e-10  2S+1 = 1
E(UCCSD) = -577.9783889090478  E_corr = -0.3458322086457233
converged SCF energy = -577.656885254202  <S^2> = 1.0195208  2S+1 = 2.2534603
E(UCCSD) = -577.982373400469  E_corr = -0.3254881462669273
converged SCF energy = -577.655979876117  <S^2> = 1.0195165  2S+1 = 2.2534565
E(UCCSD) = -577.9816999597082  E_corr = -0.3257200835913716
converged SCF energy = -577.655076726574  <S^2> = 1.0195106  2S+1 = 2.2534512
E(UCCSD) = -577.9810290743495  E_corr = -0.3259523477752294
converged SCF energy = -577.654175829801  <S^2> = 1.0195079  2S+1 = 2.2534488
E(UCCSD) = -577.9803607782327  E_corr = -0.326184948431906
converged SCF energy = -577.653277209049  <S^2> = 1.0195043  2S+1 = 2.2534456
E(UCCSD) = -577.9796950760356  E_corr = -0.3264178669866013
converged SCF energy = -577.652380886986  <S^2> = 1.0195005  2S+1 = 2.2534422
E(UCCSD) = -577.9790319872392  E_corr = -0.3266511002530728
converged SCF energy = -577.651486885502  <S^2> = 1.0194971  2S+1 = 2.2534392
E(UCCSD) = -577.9783715305923  E_corr = -0.3268846450903025
converged SCF energy = -577.650595225785  <S^2> = 1.0194941  2S+1 = 2.2534366
E(UCCSD) = -577.9777137227675  E_corr = -0.3271184969829992
converged SCF energy = -577.649705928324  <S^2> = 1.0194912  2S+1 = 2.253434
E(UCCSD) = -577.9770585780282  E_corr = -0.3273526497041915
converged SCF energy = -577.64881901293  <S^2> = 1.0194883  2S+1 = 2.2534314
E(UCCSD) = -577.9764061113277  E_corr = -0.3275870983977063
converged SCF energy = -577.647934498739  <S^2> = 1.0194856  2S+1 = 2.2534291
E(UCCSD) = -577.9757563388359  E_corr = -0.3278218400973244
converged SCF energy = -577.647052404233  <S^2> = 1.019483  2S+1 = 2.2534267
E(UCCSD) = -577.9751092736509  E_corr = -0.3280568694183268
converged SCF energy = -577.646172747256  <S^2> = 1.0194807  2S+1 = 2.2534246
E(UCCSD) = -577.9744649296172  E_corr = -0.3282921823613495
converged SCF energy = -577.645295545016  <S^2> = 1.0194785  2S+1 = 2.2534228
E(UCCSD) = -577.9738233238194  E_corr = -0.3285277788031766
converged SCF energy = -577.619538392316  <S^2> = 5.7397642e-11  2S+1 = 1
E(UCCSD) = -577.9696670849645  E_corr = -0.3501286926484395
converged SCF energy = -577.643548570531  <S^2> = 1.0194748  2S+1 = 2.2534195
E(UCCSD) = -577.972548367821  E_corr = -0.3289997972904092
converged SCF energy = -577.617837800365  <S^2> = 2.4225955e-11  2S+1 = 1
E(UCCSD) = -577.9685514803609  E_corr = -0.350713679995793
converged SCF energy = -577.616990791039  <S^2> = 8.0802742e-09  2S+1 = 1
E(UCCSD) = -577.9679979207285  E_corr = -0.3510071296890351
converged SCF energy = -577.640946914822  <S^2> = 1.01947  2S+1 = 2.2534152
E(UCCSD) = -577.9706567582869  E_corr = -0.3297098434648236
converged SCF energy = -577.615303430707  <S^2> = 2.0456525e-10  2S+1 = 1
E(UCCSD) = -577.966899699603  E_corr = -0.35159626889566
converged SCF energy = -577.639225181361  <S^2> = 1.0194679  2S+1 = 2.2534133
E(UCCSD) = -577.9694097052825  E_corr = -0.3301845239212732
converged SCF energy = -577.63836816519  <S^2> = 1.0194669  2S+1 = 2.2534125
E(UCCSD) = -577.9687904176207  E_corr = -0.3304222524306394
converged SCF energy = -577.63751373235  <S^2> = 1.0194669  2S+1 = 2.2534124
E(UCCSD) = -577.9681739666535  E_corr = -0.3306602343032477
converged SCF energy = -577.636661894413  <S^2> = 1.0194661  2S+1 = 2.2534117
E(UCCSD) = -577.9675603649575  E_corr = -0.3308984705443316
converged SCF energy = -577.635812662473  <S^2> = 1.0194661  2S+1 = 2.2534117
E(UCCSD) = -577.9669496233591  E_corr = -0.3311369608864648
converged SCF energy = -577.610295750506  <S^2> = 1.9384348e-08  2S+1 = 1
E(UCCSD) = -577.9636751358489  E_corr = -0.3533793853434041
converged SCF energy = -577.634122058373  <S^2> = 1.0194654  2S+1 = 2.2534111
E(UCCSD) = -577.9657367640516  E_corr = -0.3316147056782726
converged SCF energy = -577.608645037192  <S^2> = 4.1325444e-08  2S+1 = 1.0000001
E(UCCSD) = -577.9626240542237  E_corr = -0.3539790170314225
converged SCF energy = -577.632441998975  <S^2> = 1.0194665  2S+1 = 2.2534121
E(UCCSD) = -577.9645354248137  E_corr = -0.3320934258389664
converged SCF energy = -577.607003749102  <S^2> = 5.3599543e-09  2S+1 = 1
E(UCCSD) = -577.9615849610267  E_corr = -0.3545812119248687
converged SCF energy = -577.630772555818  <S^2> = 1.0194672  2S+1 = 2.2534127
E(UCCSD) = -577.9633456847448  E_corr = -0.3325731289270134
converged SCF energy = -577.629941835732  <S^2> = 1.0194674  2S+1 = 2.2534129
E(UCCSD) = -577.9627551849511  E_corr = -0.3328133492189413
converged SCF energy = -577.62911379332  <S^2> = 1.0194684  2S+1 = 2.2534137
E(UCCSD) = -577.96216760819  E_corr = -0.3330538148702052
converged SCF energy = -577.628288435599  <S^2> = 1.0194698  2S+1 = 2.253415
E(UCCSD) = -577.9615829642979  E_corr = -0.3332945286986429
converged SCF energy = -577.627465769136  <S^2> = 1.0194709  2S+1 = 2.253416
E(UCCSD) = -577.961001256433  E_corr = -0.3335354872973404
converged SCF energy = -577.602137319625  <S^2> = 1.474282e-09  2S+1 = 1
E(UCCSD) = -577.958540329906  E_corr = -0.3564030102808338
converged SCF energy = -577.625828534354  <S^2> = 1.0194731  2S+1 = 2.2534179
E(UCCSD) = -577.9598466769498  E_corr = -0.3340181425955996
converged SCF energy = -577.62501397725  <S^2> = 1.019475  2S+1 = 2.2534196
E(UCCSD) = -577.9592738231473  E_corr = -0.33425984589726
converged SCF energy = -577.62420213385  <S^2> = 1.0194763  2S+1 = 2.2534208
E(UCCSD) = -577.9587039285504  E_corr = -0.3345017947009504
converged SCF energy = -577.598941647119  <S^2> = 3.3464289e-09  2S+1 = 1
E(UCCSD) = -577.9565717389798  E_corr = -0.3576300918613194
converged SCF energy = -577.598148880029  <S^2> = 9.3446673e-10  2S+1 = 1
E(UCCSD) = -577.9560873086798  E_corr = -0.357938428650818
converged SCF energy = -577.621782930824  <S^2> = 1.0194822  2S+1 = 2.253426
E(UCCSD) = -577.9570120857717  E_corr = -0.3352291549474942
converged SCF energy = -577.620981985433  <S^2> = 1.0194848  2S+1 = 2.2534283
E(UCCSD) = -577.9564541033149  E_corr = -0.3354721178815521
converged SCF energy = -577.620183773631  <S^2> = 1.0194861  2S+1 = 2.2534295
E(UCCSD) = -577.9558991066467  E_corr = -0.3357153330160955
converged SCF energy = -577.595002617632  <S^2> = 6.765255e-11  2S+1 = 1
E(UCCSD) = -577.9541803280368  E_corr = -0.3591777104043932
converged SCF energy = -577.618595562251  <S^2> = 1.0194918  2S+1 = 2.2534345
E(UCCSD) = -577.9547981213983  E_corr = -0.336202559147776
converged SCF energy = -577.617805567659  <S^2> = 1.0194938  2S+1 = 2.2534363
E(UCCSD) = -577.9542521298542  E_corr = -0.3364465621956643
converged SCF energy = -577.617018316585  <S^2> = 1.019496  2S+1 = 2.2534383
E(UCCSD) = -577.9537091548767  E_corr = -0.3366908382919144
converged SCF energy = -577.616233810749  <S^2> = 1.0194994  2S+1 = 2.2534412
E(UCCSD) = -577.9531691976276  E_corr = -0.3369353868782475
converged SCF energy = -577.615452051586  <S^2> = 1.0195016  2S+1 = 2.2534433
E(UCCSD) = -577.952632254356  E_corr = -0.3371802027697762
converged SCF energy = -577.590358238254  <S^2> = 3.3155114e-09  2S+1 = 1
E(UCCSD) = -577.9514129674862  E_corr = -0.3610547292321464
converged SCF energy = -577.613896777551  <S^2> = 1.0195083  2S+1 = 2.2534492
E(UCCSD) = -577.9515674621982  E_corr = -0.3376706846471446
converged SCF energy = -577.588830255855  <S^2> = 4.32685e-11  2S+1 = 1
E(UCCSD) = -577.9505155256138  E_corr = -0.3616852697586241
converged SCF energy = -577.612352500293  <S^2> = 1.0195148  2S+1 = 2.2534549
E(UCCSD) = -577.9505148009846  E_corr = -0.3381623006912667
converged SCF energy = -577.611584486087  <S^2> = 1.0195185  2S+1 = 2.2534583
E(UCCSD) = -577.9499930361682  E_corr = -0.3384085500814308
converged SCF energy = -577.610819221333  <S^2> = 1.0195216  2S+1 = 2.253461
E(UCCSD) = -577.9494743126663  E_corr = -0.3386550913327978
converged SCF energy = -577.610056705577  <S^2> = 1.0195254  2S+1 = 2.2534644
E(UCCSD) = -577.9489586443764  E_corr = -0.3389019387998859
converged SCF energy = -577.609296938131  <S^2> = 1.0195292  2S+1 = 2.2534677
E(UCCSD) = -577.948446032161  E_corr = -0.3391490940301237
converged SCF energy = -577.584307083942  <S^2> = 2.6956233e-09  2S+1 = 1
UCCSD not converged
E(UCCSD) = -577.9478979701113  E_corr = -0.3635908861689643
converged SCF energy = -577.58356210641  <S^2> = 3.219137e-09  2S+1 = 1
UCCSD not converged
E(UCCSD) = -577.9474726627104  E_corr = -0.363910556300564
converged SCF energy = -577.582819670991  <S^2> = 2.896817e-09  2S+1 = 1
UCCSD not converged
E(UCCSD) = -577.9470504763185  E_corr = -0.3642308053275688
converged SCF energy = -577.606285329535  <S^2> = 1.0195449  2S+1 = 2.2534816
E(UCCSD) = -577.946426153138  E_corr = -0.3401408236028094
converged SCF energy = -577.60553928523  <S^2> = 1.0195488  2S+1 = 2.2534852
E(UCCSD) = -577.945928870291  E_corr = -0.3403895850609902
converged SCF energy = -577.604795980323  <S^2> = 1.0195527  2S+1 = 2.2534886
E(UCCSD) = -577.9454346619237  E_corr = -0.3406386816005343
converged SCF energy = -577.579875364833  <S^2> = 1.9664839e-09  2S+1 = 1
E(UCCSD) = -577.9453930088952  E_corr = -0.3655176440617857
converged SCF energy = -577.603317579553  <S^2> = 1.0195614  2S+1 = 2.2534963
E(UCCSD) = -577.9444555039709  E_corr = -0.3411379244180226
converged SCF energy = -577.602582478626  <S^2> = 1.0195654  2S+1 = 2.2534998
E(UCCSD) = -577.9439705504175  E_corr = -0.3413880717911782
converged SCF energy = -577.601850106991  <S^2> = 1.0195701  2S+1 = 2.253504
E(UCCSD) = -577.9434886932656  E_corr = -0.3416385862742331
converged SCF energy = -577.601120461629  <S^2> = 1.0195741  2S+1 = 2.2535076
E(UCCSD) = -577.9430099507758  E_corr = -0.3418894891466967
converged SCF energy = -577.600393539361  <S^2> = 1.0195793  2S+1 = 2.2535122
E(UCCSD) = -577.942534260427  E_corr = -0.3421407210663527
converged SCF energy = -577.599669336823  <S^2> = 1.0195841  2S+1 = 2.2535165
E(UCCSD) = -577.9420617038925  E_corr = -0.3423923670693531
converged SCF energy = -577.574820752397  <S^2> = 1.2052581e-10  2S+1 = 1
E(UCCSD) = -577.9426125198457  E_corr = -0.3677917674485661
converged SCF energy = -577.598229076648  <S^2> = 1.0195937  2S+1 = 2.253525
E(UCCSD) = -577.9411259054988  E_corr = -0.342896828851125
converged SCF energy = -577.597513011454  <S^2> = 1.0195986  2S+1 = 2.2535293
E(UCCSD) = -577.9406626710532  E_corr = -0.3431496595997247
converged SCF energy = -577.596799650872  <S^2> = 1.0196032  2S+1 = 2.2535334
E(UCCSD) = -577.9402025408415  E_corr = -0.343402889969768
converged SCF energy = -577.571988267326  <S^2> = 3.7285552e-10  2S+1 = 1
E(UCCSD) = -577.9410920031498  E_corr = -0.3691037358237586
converged SCF energy = -577.595381026742  <S^2> = 1.0196136  2S+1 = 2.2535426
E(UCCSD) = -577.9392916614155  E_corr = -0.343910634673491
converged SCF energy = -577.594675754392  <S^2> = 1.0196187  2S+1 = 2.2535472
E(UCCSD) = -577.9388409285843  E_corr = -0.3441651741923183
converged SCF energy = -577.593973169082  <S^2> = 1.0196238  2S+1 = 2.2535517
E(UCCSD) = -577.9383933292088  E_corr = -0.3444201601263742
converged SCF energy = -577.569196274776  <S^2> = 6.1761654e-09  2S+1 = 1
E(UCCSD) = -577.9396208912838  E_corr = -0.3704246165077906
converged SCF energy = -577.592576040453  <S^2> = 1.0196339  2S+1 = 2.2535607
E(UCCSD) = -577.9375074672225  E_corr = -0.3449314267691576
converged SCF energy = -577.59188148725  <S^2> = 1.0196398  2S+1 = 2.2535659
E(UCCSD) = -577.9370692707148  E_corr = -0.3451877834645482
converged SCF energy = -577.591189601286  <S^2> = 1.0196444  2S+1 = 2.25357
E(UCCSD) = -577.936634212413  E_corr = -0.3454446111271399
converged SCF energy = -577.59050037732  <S^2> = 1.0196508  2S+1 = 2.2535756
E(UCCSD) = -577.9362023036936  E_corr = -0.3457019263732653
converged SCF energy = -577.565762979453  <S^2> = 8.3279872e-10  2S+1 = 1
E(UCCSD) = -577.9378510440984  E_corr = -0.3720880646449715
converged SCF energy = -577.589129893686  <S^2> = 1.019661  2S+1 = 2.2535847
E(UCCSD) = -577.9353479383665  E_corr = -0.3462180446808336
converged SCF energy = -577.564407220848  <S^2> = 3.3987746e-10  2S+1 = 1
E(UCCSD) = -577.9371644180447  E_corr = -0.3727571971967464
converged SCF energy = -577.58776999191  <S^2> = 1.0196721  2S+1 = 2.2535945
E(UCCSD) = -577.9345061857701  E_corr = -0.3467361938603586
converged SCF energy = -577.587093994842  <S^2> = 1.0196778  2S+1 = 2.2535996
E(UCCSD) = -577.9340900347401  E_corr = -0.3469960398978991
converged SCF energy = -577.562392307765  <S^2> = 3.6260239e-10  2S+1 = 1
E(UCCSD) = -577.9361571410527  E_corr = -0.3737648332880414
converged SCF energy = -577.585749878672  <S^2> = 1.01969  2S+1 = 2.2536104
E(UCCSD) = -577.9332672837578  E_corr = -0.3475174050860679
converged SCF energy = -577.585081747403  <S^2> = 1.0196957  2S+1 = 2.2536155
E(UCCSD) = -577.932860656654  E_corr = -0.3477789092509597
converged SCF energy = -577.584416225743  <S^2> = 1.0197009  2S+1 = 2.2536201
E(UCCSD) = -577.9324571995443  E_corr = -0.348040973801201
converged SCF energy = -577.559740542214  <S^2> = 2.3405278e-10  2S+1 = 1
E(UCCSD) = -577.9348561027969  E_corr = -0.3751155605831095
converged SCF energy = -577.559083784171  <S^2> = 7.8453866e-09  2S+1 = 1
E(UCCSD) = -577.9345382821472  E_corr = -0.3754544979765908
converged SCF energy = -577.582435254812  <S^2> = 1.0197192  2S+1 = 2.2536364
E(UCCSD) = -577.9312659761082  E_corr = -0.3488307212957449
converged SCF energy = -577.581780107537  <S^2> = 1.0197244  2S+1 = 2.253641
E(UCCSD) = -577.9308752669082  E_corr = -0.3490951593709146
converged SCF energy = -577.581127537434  <S^2> = 1.0197305  2S+1 = 2.2536463
E(UCCSD) = -577.9304877050023  E_corr = -0.3493601675684272
converged SCF energy = -577.580477537763  <S^2> = 1.019737  2S+1 = 2.2536522
E(UCCSD) = -577.9301033656228  E_corr = -0.3496258278594985
converged SCF energy = -577.555836860815  <S^2> = 3.8665604e-10  2S+1 = 1
E(UCCSD) = -577.9329934830536  E_corr = -0.3771566222384938
converged SCF energy = -577.579185222379  <S^2> = 1.0197493  2S+1 = 2.2536631
E(UCCSD) = -577.9293442653452  E_corr = -0.3501590429661352
converged SCF energy = -577.55455520496  <S^2> = 4.5994852e-10  2S+1 = 1
E(UCCSD) = -577.9323960271895  E_corr = -0.3778408222291175
converged SCF energy = -577.577903106051  <S^2> = 1.0197616  2S+1 = 2.253674
E(UCCSD) = -577.9285980323157  E_corr = -0.3506949262645131
converged SCF energy = -577.577265854936  <S^2> = 1.0197677  2S+1 = 2.2536794
E(UCCSD) = -577.9282296902052  E_corr = -0.3509638352693089
converged SCF energy = -577.552650928133  <S^2> = 4.015277e-09  2S+1 = 1
E(UCCSD) = -577.9315214636986  E_corr = -0.3788705355652495
converged SCF energy = -577.552021002668  <S^2> = 2.9065461e-10  2S+1 = 1
E(UCCSD) = -577.9312356029227  E_corr = -0.3792146002545032
converged SCF energy = -577.575369243782  <S^2> = 1.0197862  2S+1 = 2.2536958
E(UCCSD) = -577.927143996377  E_corr = -0.3517747525945335
converged SCF energy = -577.550768369053  <S^2> = 3.2391547e-09  2S+1 = 1
E(UCCSD) = -577.9306726655417  E_corr = -0.3799042964889273
converged SCF energy = -577.550145649339  <S^2> = 3.8035708e-10  2S+1 = 1
E(UCCSD) = -577.930395399986  E_corr = -0.3802497506469503
converged SCF energy = -577.549525320266  <S^2> = 4.9961422e-09  2S+1 = 1
E(UCCSD) = -577.9301209405367  E_corr = -0.3805956202707763
converged SCF energy = -577.548907375529  <S^2> = 7.5406348e-10  2S+1 = 1
E(UCCSD) = -577.9298492733119  E_corr = -0.3809418977831181
converged SCF energy = -577.572258259404  <S^2> = 1.0198176  2S+1 = 2.2537237
E(UCCSD) = -577.925398783222  E_corr = -0.3531405238177925
converged SCF energy = -577.57164350047  <S^2> = 1.0198243  2S+1 = 2.2537296
E(UCCSD) = -577.925059351906  E_corr = -0.3534158514360334
converged SCF energy = -577.547067790037  <S^2> = 9.2490477e-09  2S+1 = 1
E(UCCSD) = -577.9290509331659  E_corr = -0.3819831431286799
converged SCF energy = -577.570421359734  <S^2> = 1.019836  2S+1 = 2.25374
E(UCCSD) = -577.924390247735  E_corr = -0.3539688880004806
converged SCF energy = -577.569813962553  <S^2> = 1.0198429  2S+1 = 2.2537461
E(UCCSD) = -577.9240605465174  E_corr = -0.3542465839646697
converged SCF energy = -577.569209003786  <S^2> = 1.0198492  2S+1 = 2.2537517
E(UCCSD) = -577.9237340157014  E_corr = -0.3545250119149431
converged SCF energy = -577.568606475645  <S^2> = 1.0198557  2S+1 = 2.2537575
E(UCCSD) = -577.9234107973451  E_corr = -0.3548043216997025
converged SCF energy = -577.568006370281  <S^2> = 1.0198617  2S+1 = 2.2537628
E(UCCSD) = -577.9230907871911  E_corr = -0.3550844169100307
converged SCF energy = -577.543452183771  <S^2> = 4.928804e-10  2S+1 = 1
E(UCCSD) = -577.9275280890191  E_corr = -0.384075905247759
converged SCF energy = -577.566813396364  <S^2> = 1.0198749  2S+1 = 2.2537745
E(UCCSD) = -577.9224604386867  E_corr = -0.3556470423226892
converged SCF energy = -577.542265631882  <S^2> = 1.7471208e-08  2S+1 = 1
E(UCCSD) = -577.9270419537794  E_corr = -0.3847763218973697
converged SCF energy = -577.541675823105  <S^2> = 4.7198156e-10  2S+1 = 1
E(UCCSD) = -577.9268028111024  E_corr = -0.3851269879974618
converged SCF energy = -577.56504190818  <S^2> = 1.019894  2S+1 = 2.2537915
E(UCCSD) = -577.9215390311742  E_corr = -0.356497122993867
converged SCF energy = -577.564456172834  <S^2> = 1.0199011  2S+1 = 2.2537978
E(UCCSD) = -577.9212384154442  E_corr = -0.3567822426104421
converged SCF energy = -577.563872804392  <S^2> = 1.0199063  2S+1 = 2.2538024
E(UCCSD) = -577.9209408891509  E_corr = -0.3570680847588666
converged SCF energy = -577.563291794792  <S^2> = 1.0199128  2S+1 = 2.2538082
E(UCCSD) = -577.9206467071601  E_corr = -0.3573549123685655
converged SCF energy = -577.562713135878  <S^2> = 1.0199198  2S+1 = 2.2538144
E(UCCSD) = -577.9203556870846  E_corr = -0.3576425512067103
converged SCF energy = -577.562136819497  <S^2> = 1.019927  2S+1 = 2.2538207
E(UCCSD) = -577.9200678757085  E_corr = -0.3579310562109531
converged SCF energy = -577.561562837499  <S^2> = 1.0199327  2S+1 = 2.2538259
E(UCCSD) = -577.9197832381947  E_corr = -0.3582204006953517
converged SCF energy = -577.560991181661  <S^2> = 1.0199397  2S+1 = 2.253832
E(UCCSD) = -577.9195018782391  E_corr = -0.3585106965777945
converged SCF energy = -577.560421843783  <S^2> = 1.0199455  2S+1 = 2.2538372
E(UCCSD) = -577.9192236560895  E_corr = -0.3588018123066276
converged SCF energy = -577.559854815609  <S^2> = 1.0199522  2S+1 = 2.2538431
E(UCCSD) = -577.918948655812  E_corr = -0.3590938402028472
converged SCF energy = -577.55929008887  <S^2> = 1.0199579  2S+1 = 2.2538482
E(UCCSD) = -577.9186767734361  E_corr = -0.3593866845665407
converged SCF energy = -577.558727655342  <S^2> = 1.0199648  2S+1 = 2.2538543
E(UCCSD) = -577.9184082541256  E_corr = -0.359680598783139
converged SCF energy = -577.558167506664  <S^2> = 1.0199721  2S+1 = 2.2538607
E(UCCSD) = -577.918142709186  E_corr = -0.3599752025224211
converged SCF energy = -577.533657258605  <S^2> = 5.1990057e-10  2S+1 = 1
E(UCCSD) = -577.9237229671678  E_corr = -0.3900657085627156
converged SCF energy = -577.533101283185  <S^2> = 3.5456679e-08  2S+1 = 1.0000001
UCCSD not converged
E(UCCSD) = -577.9235214256939  E_corr = -0.390420142509111
converged SCF energy = -577.556500686703  <S^2> = 1.0199906  2S+1 = 2.2538772
E(UCCSD) = -577.9173654350532  E_corr = -0.3608647483500416
converged SCF energy = -577.555949594245  <S^2> = 1.0199964  2S+1 = 2.2538823
E(UCCSD) = -577.9171126804446  E_corr = -0.3611630861994325
converged SCF energy = -577.555400744959  <S^2> = 1.0200028  2S+1 = 2.253888
E(UCCSD) = -577.9168630717468  E_corr = -0.3614623267875103
converged SCF energy = -577.554854130451  <S^2> = 1.0200106  2S+1 = 2.253895
E(UCCSD) = -577.9166165453655  E_corr = -0.3617624149147578
converged SCF energy = -577.554309742326  <S^2> = 1.0200157  2S+1 = 2.2538994
E(UCCSD) = -577.9163732008067  E_corr = -0.3620634584805159
converged SCF energy = -577.553767572157  <S^2> = 1.0200221  2S+1 = 2.2539051
E(UCCSD) = -577.9161328939679  E_corr = -0.3623653218104766
converged SCF energy = -577.553227611566  <S^2> = 1.0200285  2S+1 = 2.2539108
E(UCCSD) = -577.9158957466943  E_corr = -0.3626681351287108
converged SCF energy = -577.52873205242  <S^2> = 3.3510972e-10  2S+1 = 1
E(UCCSD) = -577.9219931860806  E_corr = -0.3932611336608425
converged SCF energy = -577.552154285343  <S^2> = 1.0200406  2S+1 = 2.2539216
E(UCCSD) = -577.9154306769487  E_corr = -0.3632763916061251
converged SCF energy = -577.551620902861  <S^2> = 1.020048  2S+1 = 2.2539281
E(UCCSD) = -577.9152026990859  E_corr = -0.3635817962251245
converged SCF energy = -577.551089696163  <S^2> = 1.0200543  2S+1 = 2.2539338
E(UCCSD) = -577.9149778615576  E_corr = -0.3638881653951417
converged SCF energy = -577.550560656809  <S^2> = 1.0200605  2S+1 = 2.2539392
E(UCCSD) = -577.9147561584331  E_corr = -0.36419550162359
converged SCF energy = -577.526071120442  <S^2> = 7.1498363e-11  2S+1 = 1
E(UCCSD) = -577.9211110789332  E_corr = -0.3950399584908226
converged SCF energy = -577.549509046312  <S^2> = 1.0200741  2S+1 = 2.2539513
E(UCCSD) = -577.9143216789774  E_corr = -0.3648126326653388
converged SCF energy = -577.548986458225  <S^2> = 1.02008  2S+1 = 2.2539565
E(UCCSD) = -577.9141087480613  E_corr = -0.3651222898358853
converged SCF energy = -577.548466003599  <S^2> = 1.0200857  2S+1 = 2.2539616
E(UCCSD) = -577.9138991313874  E_corr = -0.3654331277880452
converged SCF energy = -577.523980301998  <S^2> = 2.7104917e-08  2S+1 = 1.0000001
UCCSD not converged
E(UCCSD) = -577.9204439048412  E_corr = -0.3964636028432304
converged SCF energy = -577.547431460862  <S^2> = 1.0200984  2S+1 = 2.2539729
E(UCCSD) = -577.913488634622  E_corr = -0.366057173760137
converged SCF energy = -577.546917355758  <S^2> = 1.0201053  2S+1 = 2.253979
E(UCCSD) = -577.9132876009814  E_corr = -0.3663702452235036
converged SCF energy = -577.522433998076  <S^2> = 3.7370768e-08  2S+1 = 1.0000001
E(UCCSD) = -577.9199652907537  E_corr = -0.3975312926776308
converged SCF energy = -577.545895435676  <S^2> = 1.0201165  2S+1 = 2.2539889
E(UCCSD) = -577.912894670975  E_corr = -0.3669992352991516
converged SCF energy = -577.545387603742  <S^2> = 1.0201231  2S+1 = 2.2539948
E(UCCSD) = -577.9127024492002  E_corr = -0.3673148454580265
converged SCF energy = -577.520906162069  <S^2> = 1.5370592e-08  2S+1 = 1
UCCSD not converged
E(UCCSD) = -577.9195047746832  E_corr = -0.3985986126140904
converged SCF energy = -577.520400953782  <S^2> = 7.4211632e-08  2S+1 = 1.0000001
E(UCCSD) = -577.9193551126549  E_corr = -0.3989541588732902
converged SCF energy = -577.51989776423  <S^2> = 4.4006754e-10  2S+1 = 1
E(UCCSD) = -577.9192074548126  E_corr = -0.3993096905827738
converged SCF energy = -577.519396590517  <S^2> = 5.0712856e-10  2S+1 = 1
E(UCCSD) = -577.9190617785474  E_corr = -0.3996651880304049
converged SCF energy = -577.542879385295  <S^2> = 1.0201537  2S+1 = 2.2540219
E(UCCSD) = -577.9117843976111  E_corr = -0.3689050123163113
converged SCF energy = -577.542383870471  <S^2> = 1.0201597  2S+1 = 2.2540273
E(UCCSD) = -577.9116091192019  E_corr = -0.3692252487307618
converged SCF energy = -577.541890378811  <S^2> = 1.020166  2S+1 = 2.2540328
E(UCCSD) = -577.9114366161971  E_corr = -0.3695462373862413
converged SCF energy = -577.541398901843  <S^2> = 1.0201722  2S+1 = 2.2540383
E(UCCSD) = -577.9112668706155  E_corr = -0.3698679687723893
converged SCF energy = -577.540909431087  <S^2> = 1.0201778  2S+1 = 2.2540433
E(UCCSD) = -577.911099906605  E_corr = -0.3701904755178389
converged SCF energy = -577.540421958102  <S^2> = 1.0201843  2S+1 = 2.2540491
E(UCCSD) = -577.9109354189693  E_corr = -0.3705134608677556
converged SCF energy = -577.515944132203  <S^2> = 1.2577317e-10  2S+1 = 1
E(UCCSD) = -577.9180934479859  E_corr = -0.4021493157827111
converged SCF energy = -577.539452971545  <S^2> = 1.0201957  2S+1 = 2.2540592
E(UCCSD) = -577.9106146590602  E_corr = -0.3711616875154785
converged SCF energy = -577.538971441071  <S^2> = 1.0202016  2S+1 = 2.2540644
E(UCCSD) = -577.9104582557298  E_corr = -0.3714868146590223
converged SCF energy = -577.538491874543  <S^2> = 1.0202073  2S+1 = 2.2540695
E(UCCSD) = -577.910304122727  E_corr = -0.3718122481840308
converged SCF energy = -577.538014263524  <S^2> = 1.0202136  2S+1 = 2.2540751
E(UCCSD) = -577.9101528528358  E_corr = -0.3721385893118238
converged SCF energy = -577.53753859958  <S^2> = 1.0202188  2S+1 = 2.2540797
E(UCCSD) = -577.9100038724217  E_corr = -0.3724652728412389
converged SCF energy = -577.513061152464  <S^2> = 2.3180071e-09  2S+1 = 1
E(UCCSD) = -577.9173326436144  E_corr = -0.4042714911500049
converged SCF energy = -577.512587375316  <S^2> = 5.6954974e-10  2S+1 = 1
E(UCCSD) = -577.9172116290475  E_corr = -0.4046242537315147
converged SCF energy = -577.536123206054  <S^2> = 1.0202363  2S+1 = 2.2540952
E(UCCSD) = -577.9095724560982  E_corr = -0.373449250043803
converged SCF energy = -577.535655246325  <S^2> = 1.0202429  2S+1 = 2.254101
E(UCCSD) = -577.9094333776484  E_corr = -0.3737781313237569
converged SCF energy = -577.511177410024  <S^2> = 5.6554654e-09  2S+1 = 1
E(UCCSD) = -577.9168586173352  E_corr = -0.4056812073107684
converged SCF energy = -577.534725033647  <S^2> = 1.0202542  2S+1 = 2.2541111
E(UCCSD) = -577.9091624473208  E_corr = -0.3744374136739685
converged SCF energy = -577.534262763975  <S^2> = 1.0202598  2S+1 = 2.254116
E(UCCSD) = -577.9090305791651  E_corr = -0.374767815190342
converged SCF energy = -577.509784331747  <S^2> = 6.7221073e-10  2S+1 = 1
E(UCCSD) = -577.9165197779245  E_corr = -0.4067354461778194
converged SCF energy = -577.509323689285  <S^2> = 6.5401551e-10  2S+1 = 1
E(UCCSD) = -577.9164099230508  E_corr = -0.4070862337659241
converged SCF energy = -577.532887201428  <S^2> = 1.0202776  2S+1 = 2.2541318
E(UCCSD) = -577.908648640934  E_corr = -0.3757614395062473
converged SCF energy = -577.532432401651  <S^2> = 1.0202822  2S+1 = 2.2541359
E(UCCSD) = -577.9085258636499  E_corr = -0.3760934619992672
converged SCF energy = -577.531979448548  <S^2> = 1.0202879  2S+1 = 2.254141
E(UCCSD) = -577.9084052525315  E_corr = -0.3764258039830636
converged SCF energy = -577.53152833383  <S^2> = 1.0202944  2S+1 = 2.2541468
E(UCCSD) = -577.9082868105734  E_corr = -0.3767584767438321
converged SCF energy = -577.531079049239  <S^2> = 1.0202994  2S+1 = 2.2541512
E(UCCSD) = -577.9081705618077  E_corr = -0.3770915125686631
converged SCF energy = -577.50659832533  <S^2> = 6.0889604e-10  2S+1 = 1
E(UCCSD) = -577.91578181227  E_corr = -0.409183486939913
converged SCF energy = -577.530185937361  <S^2> = 1.0203102  2S+1 = 2.2541608
E(UCCSD) = -577.9079443412076  E_corr = -0.3777584038464371
converged SCF energy = -577.529742093595  <S^2> = 1.0203163  2S+1 = 2.2541662
E(UCCSD) = -577.9078343338583  E_corr = -0.3780922402638081
converged SCF energy = -577.529300047005  <S^2> = 1.0203209  2S+1 = 2.2541703
E(UCCSD) = -577.9077263357182  E_corr = -0.3784262887127966
converged SCF energy = -577.52885978936  <S^2> = 1.0203271  2S+1 = 2.2541758
E(UCCSD) = -577.9076204485997  E_corr = -0.378760659239585
converged SCF energy = -577.528421312509  <S^2> = 1.0203313  2S+1 = 2.2541795
E(UCCSD) = -577.9075163116934  E_corr = -0.3790949991841581
converged SCF energy = -577.503937752386  <S^2> = 8.8044487e-09  2S+1 = 1
E(UCCSD) = -577.9152044683091  E_corr = -0.411266715923254
converged SCF energy = -577.527549668486  <S^2> = 1.0203434  2S+1 = 2.2541902
E(UCCSD) = -577.907314042595  E_corr = -0.3797643741093334
converged SCF energy = -577.527116485058  <S^2> = 1.0203479  2S+1 = 2.2541942
E(UCCSD) = -577.9072157453943  E_corr = -0.3800992603359362
converged SCF energy = -577.502631247584  <S^2> = 3.1221958e-10  2S+1 = 1
E(UCCSD) = -577.9149336516299  E_corr = -0.4123024040456774
converged SCF energy = -577.502199218747  <S^2> = 6.5612582e-10  2S+1 = 1
E(UCCSD) = -577.9148458465767  E_corr = -0.4126466278293648
converged SCF energy = -577.525827391783  <S^2> = 1.0203641  2S+1 = 2.2542086
E(UCCSD) = -577.9069319398831  E_corr = -0.3811045481004357
converged SCF energy = -577.501340324633  <S^2> = 5.4363269e-10  2S+1 = 1
E(UCCSD) = -577.9146741685329  E_corr = -0.4133338438996693
converged SCF energy = -577.524976629806  <S^2> = 1.020374  2S+1 = 2.2542173
E(UCCSD) = -577.9067517861172  E_corr = -0.3817751563109383
converged SCF energy = -577.524553814738  <S^2> = 1.0203791  2S+1 = 2.2542219
E(UCCSD) = -577.9066641793788  E_corr = -0.3821103646408869
converged SCF energy = -577.524132699758  <S^2> = 1.0203842  2S+1 = 2.2542264
E(UCCSD) = -577.9065782002631  E_corr = -0.3824455005052754
converged SCF energy = -577.499642980483  <S^2> = 6.7290884e-10  2S+1 = 1
E(UCCSD) = -577.9143450774103  E_corr = -0.4147020969268955
converged SCF energy = -577.49922285996  <S^2> = 2.6653773e-09  2S+1 = 1
E(UCCSD) = -577.9142657706418  E_corr = -0.4150429106813601
converged SCF energy = -577.522879475073  <S^2> = 1.0203994  2S+1 = 2.2542399
E(UCCSD) = -577.9063306065106  E_corr = -0.3834511314379991
converged SCF energy = -577.522465080519  <S^2> = 1.0204043  2S+1 = 2.2542443
E(UCCSD) = -577.9062512061525  E_corr = -0.3837861256338728
converged SCF energy = -577.497972495959  <S^2> = 1.1548897e-08  2S+1 = 1
E(UCCSD) = -577.9140344698347  E_corr = -0.4160619738757645
converged SCF energy = -577.521641264935  <S^2> = 1.0204142  2S+1 = 2.254253
E(UCCSD) = -577.9060972087101  E_corr = -0.3844559437748581
converged SCF energy = -577.52123182811  <S^2> = 1.0204192  2S+1 = 2.2542575
E(UCCSD) = -577.9060223884088  E_corr = -0.3847905602987345
converged SCF energy = -577.520824028221  <S^2> = 1.0204242  2S+1 = 2.254262
E(UCCSD) = -577.9059491790053  E_corr = -0.3851251507842051
converged SCF energy = -577.520417857487  <S^2> = 1.020429  2S+1 = 2.2542662
E(UCCSD) = -577.9058771966203  E_corr = -0.3854593391332376
converged SCF energy = -577.520013308165  <S^2> = 1.0204341  2S+1 = 2.2542707
E(UCCSD) = -577.9058068820314  E_corr = -0.3857935738664599
converged SCF energy = -577.495516090658  <S^2> = 3.3478642e-10  2S+1 = 1
E(UCCSD) = -577.9136010322145  E_corr = -0.4180849415567054
converged SCF energy = -577.519209042922  <S^2> = 1.0204438  2S+1 = 2.2542793
E(UCCSD) = -577.9056703022572  E_corr = -0.3864612593354058
converged SCF energy = -577.518809311664  <S^2> = 1.0204484  2S+1 = 2.2542834
E(UCCSD) = -577.905604007604  E_corr = -0.3867946959401719
converged SCF energy = -577.518411171066  <S^2> = 1.020453  2S+1 = 2.2542875
E(UCCSD) = -577.9055390494293  E_corr = -0.387127878363029
converged SCF energy = -577.493910683554  <S^2> = 2.1585222e-10  2S+1 = 1
E(UCCSD) = -577.9133326396749  E_corr = -0.4194219561213423
converged SCF energy = -577.517619631748  <S^2> = 1.0204626  2S+1 = 2.254296
E(UCCSD) = -577.9054130969254  E_corr = -0.3877934651771222
converged SCF energy = -577.517226217822  <S^2> = 1.0204668  2S+1 = 2.2542997
E(UCCSD) = -577.9053518992279  E_corr = -0.3881256814054195
converged SCF energy = -577.516834364372  <S^2> = 1.0204717  2S+1 = 2.254304
E(UCCSD) = -577.9052922382052  E_corr = -0.388457873833666
converged SCF energy = -577.516444063908  <S^2> = 1.0204761  2S+1 = 2.254308
E(UCCSD) = -577.9052333276484  E_corr = -0.3887892637405147
converged SCF energy = -577.491939330851  <S^2> = 1.2095427e-09  2S+1 = 1
E(UCCSD) = -577.9130182355901  E_corr = -0.4210789047387233
converged SCF energy = -577.515668092159  <S^2> = 1.0204854  2S+1 = 2.2543162
E(UCCSD) = -577.9051198161727  E_corr = -0.3894517240135663
converged SCF energy = -577.515282406065  <S^2> = 1.0204897  2S+1 = 2.25432
E(UCCSD) = -577.9050645480664  E_corr = -0.389782142000991
converged SCF energy = -577.514898243339  <S^2> = 1.0204941  2S+1 = 2.254324
E(UCCSD) = -577.9050105546921  E_corr = -0.3901123113533229
converged SCF energy = -577.490390017164  <S^2> = 8.3440455e-10  2S+1 = 1
E(UCCSD) = -577.9127830489987  E_corr = -0.4223930318341939
converged SCF energy = -577.514134458714  <S^2> = 1.020503  2S+1 = 2.2543319
E(UCCSD) = -577.90490595226  E_corr = -0.3907714935460898
converged SCF energy = -577.489624461349  <S^2> = 2.2840041e-10  2S+1 = 1
E(UCCSD) = -577.912670623517  E_corr = -0.4230461621685105
converged SCF energy = -577.489243934958  <S^2> = 1.6148149e-10  2S+1 = 1
E(UCCSD) = -577.9126156254024  E_corr = -0.423371690444245
converged SCF energy = -577.513000024858  <S^2> = 1.020516  2S+1 = 2.2543433
E(UCCSD) = -577.9047568297783  E_corr = -0.3917568049205026
converged SCF energy = -577.488487348983  <S^2> = 3.4321701e-10  2S+1 = 1
E(UCCSD) = -577.9125079214958  E_corr = -0.4240205725131777
converged SCF energy = -577.512251147496  <S^2> = 1.0205248  2S+1 = 2.2543512
E(UCCSD) = -577.9046624842572  E_corr = -0.3924113367611347
converged SCF energy = -577.511878910885  <S^2> = 1.020529  2S+1 = 2.2543549
E(UCCSD) = -577.9046167654404  E_corr = -0.3927378545559099
converged SCF energy = -577.511508132942  <S^2> = 1.0205332  2S+1 = 2.2543587
E(UCCSD) = -577.9045719288353  E_corr = -0.3930637958936697
converged SCF energy = -577.511138806592  <S^2> = 1.0205374  2S+1 = 2.2543623
E(UCCSD) = -577.9045281070388  E_corr = -0.3933893004469551
converged SCF energy = -577.486621626344  <S^2> = 1.493472e-09  2S+1 = 1
E(UCCSD) = -577.9122526488341  E_corr = -0.4256310224896674
converged SCF energy = -577.510404481309  <S^2> = 1.0205458  2S+1 = 2.2543698
E(UCCSD) = -577.9044431201542  E_corr = -0.3940386388455527
converged SCF energy = -577.510039468371  <S^2> = 1.02055  2S+1 = 2.2543735
E(UCCSD) = -577.9044020613211  E_corr = -0.3943625929497273
converged SCF energy = -577.509675879409  <S^2> = 1.020554  2S+1 = 2.2543771
UCCSD not converged
E(UCCSD) = -577.9043619407901  E_corr = -0.3946860613814093
converged SCF energy = -577.509313707693  <S^2> = 1.0205584  2S+1 = 2.254381
E(UCCSD) = -577.904322250605  E_corr = -0.395008542912304
converged SCF energy = -577.508952946196  <S^2> = 1.020561  2S+1 = 2.2543833
UCCSD not converged
E(UCCSD) = -577.9042837017877  E_corr = -0.3953307555912968
converged SCF energy = -577.50859358866  <S^2> = 1.0205658  2S+1 = 2.2543876
E(UCCSD) = -577.9042459320505  E_corr = -0.3956523433901212
converged SCF energy = -577.508235627893  <S^2> = 1.0205701  2S+1 = 2.2543913
E(UCCSD) = -577.9042089354525  E_corr = -0.3959733075595507
converged SCF energy = -577.50787905748  <S^2> = 1.020574  2S+1 = 2.2543949
E(UCCSD) = -577.9041727205923  E_corr = -0.3962936631123838
converged SCF energy = -577.483353750981  <S^2> = 5.3303317e-10  2S+1 = 1
E(UCCSD) = -577.9118386793544  E_corr = -0.4284849283739033
converged SCF energy = -577.507170061002  <S^2> = 1.0205824  2S+1 = 2.2544023
E(UCCSD) = -577.9041025425374  E_corr = -0.3969324815357012
converged SCF energy = -577.506817621793  <S^2> = 1.0205857  2S+1 = 2.2544052
E(UCCSD) = -577.9040686330723  E_corr = -0.3972510112795103
converged SCF energy = -577.482289625127  <S^2> = 9.1916164e-10  2S+1 = 1
E(UCCSD) = -577.9117126496575  E_corr = -0.4294230245299739
converged SCF energy = -577.506116829108  <S^2> = 1.0205934  2S+1 = 2.254412
E(UCCSD) = -577.9040027910086  E_corr = -0.397885961900312
converged SCF energy = -577.505768462605  <S^2> = 1.020597  2S+1 = 2.2544152
E(UCCSD) = -577.9039709760663  E_corr = -0.3982025134613397

Completed! Data saved to: results/curves/si2_ccsd_500.csv
